Mensaje I / 00:00:00:000 / Root(00) para top(01)
Mensaje I / 00:00:00:000 / top(01) para knight(02)
Mensaje I / 00:00:00:000 / top(01) para dragon(06)
Mensaje I / 00:00:00:000 / knight(02) para kdecision(03)
Mensaje I / 00:00:00:000 / knight(02) para kattack(04)
Mensaje I / 00:00:00:000 / knight(02) para kmove(05)
Mensaje I / 00:00:00:000 / dragon(06) para ddecision(07)
Mensaje I / 00:00:00:000 / dragon(06) para dattack(08)
Mensaje I / 00:00:00:000 / dragon(06) para dmove(09)
Mensaje D / 00:00:00:000 / kdecision(03) / ... para knight(02)
Mensaje D / 00:00:00:000 / kattack(04) / ... para knight(02)
Mensaje D / 00:00:00:000 / kmove(05) / ... para knight(02)
Mensaje D / 00:00:00:000 / ddecision(07) / ... para dragon(06)
Mensaje D / 00:00:00:000 / dattack(08) / ... para dragon(06)
Mensaje D / 00:00:00:000 / dmove(09) / ... para dragon(06)
Mensaje D / 00:00:00:000 / knight(02) / ... para top(01)
Mensaje D / 00:00:00:000 / dragon(06) / ... para top(01)
Mensaje D / 00:00:00:000 / top(01) / ... para Root(00)
Mensaje X / 00:00:00:000 / Root(00) / battlein /     85.00000 para top(01)
Mensaje X / 00:00:00:000 / top(01) / kin /     85.00000 para knight(02)
Mensaje X / 00:00:00:000 / knight(02) / in /     85.00000 para kdecision(03)
Mensaje D / 00:00:00:000 / kdecision(03) / 00:00:00:000 para knight(02)
Mensaje D / 00:00:00:000 / knight(02) / 00:00:00:000 para top(01)
Mensaje D / 00:00:00:000 / top(01) / 00:00:00:000 para Root(00)
Mensaje * / 00:00:00:000 / Root(00) para top(01)
Mensaje * / 00:00:00:000 / top(01) para knight(02)
Mensaje * / 00:00:00:000 / knight(02) para kdecision(03)
Mensaje Y / 00:00:00:000 / kdecision(03) / out /     85.00000 para knight(02)
Mensaje D / 00:00:00:000 / kdecision(03) / ... para knight(02)
Mensaje X / 00:00:00:000 / knight(02) / in /     85.00000 para kattack(04)
Mensaje X / 00:00:00:000 / knight(02) / in /     85.00000 para kmove(05)
Mensaje D / 00:00:00:000 / kattack(04) / ... para knight(02)
Mensaje D / 00:00:00:000 / kmove(05) / 00:00:05:000 para knight(02)
Mensaje D / 00:00:00:000 / knight(02) / 00:00:05:000 para top(01)
Mensaje D / 00:00:00:000 / top(01) / 00:00:05:000 para Root(00)
Mensaje * / 00:00:05:000 / Root(00) para top(01)
Mensaje * / 00:00:05:000 / top(01) para knight(02)
Mensaje * / 00:00:05:000 / knight(02) para kmove(05)
Mensaje Y / 00:00:05:000 / kmove(05) / out /     81.00000 para knight(02)
Mensaje D / 00:00:05:000 / kmove(05) / ... para knight(02)
Mensaje Y / 00:00:05:000 / knight(02) / kout /     81.00000 para top(01)
Mensaje D / 00:00:05:000 / knight(02) / ... para top(01)
Mensaje X / 00:00:05:000 / top(01) / din /     81.00000 para dragon(06)
Mensaje X / 00:00:05:000 / dragon(06) / in /     81.00000 para ddecision(07)
Mensaje D / 00:00:05:000 / ddecision(07) / 00:00:00:000 para dragon(06)
Mensaje D / 00:00:05:000 / dragon(06) / 00:00:00:000 para top(01)
Mensaje D / 00:00:05:000 / top(01) / 00:00:00:000 para Root(00)
Mensaje * / 00:00:05:000 / Root(00) para top(01)
Mensaje * / 00:00:05:000 / top(01) para dragon(06)
Mensaje * / 00:00:05:000 / dragon(06) para ddecision(07)
Mensaje Y / 00:00:05:000 / ddecision(07) / out /     81.00000 para dragon(06)
Mensaje D / 00:00:05:000 / ddecision(07) / ... para dragon(06)
Mensaje X / 00:00:05:000 / dragon(06) / in /     81.00000 para dattack(08)
Mensaje X / 00:00:05:000 / dragon(06) / in /     81.00000 para dmove(09)
Mensaje D / 00:00:05:000 / dattack(08) / ... para dragon(06)
Mensaje D / 00:00:05:000 / dmove(09) / 00:00:05:000 para dragon(06)
Mensaje D / 00:00:05:000 / dragon(06) / 00:00:05:000 para top(01)
Mensaje D / 00:00:05:000 / top(01) / 00:00:05:000 para Root(00)
Mensaje * / 00:00:10:000 / Root(00) para top(01)
Mensaje * / 00:00:10:000 / top(01) para dragon(06)
Mensaje * / 00:00:10:000 / dragon(06) para dmove(09)
Mensaje Y / 00:00:10:000 / dmove(09) / out /     73.00000 para dragon(06)
Mensaje D / 00:00:10:000 / dmove(09) / ... para dragon(06)
Mensaje Y / 00:00:10:000 / dragon(06) / dout /     73.00000 para top(01)
Mensaje D / 00:00:10:000 / dragon(06) / ... para top(01)
Mensaje Y / 00:00:10:000 / top(01) / battleout /     73.00000 para Root(00)
Mensaje X / 00:00:10:000 / top(01) / kin /     73.00000 para knight(02)
Mensaje X / 00:00:10:000 / knight(02) / in /     73.00000 para kdecision(03)
Mensaje D / 00:00:10:000 / kdecision(03) / 00:00:00:000 para knight(02)
Mensaje D / 00:00:10:000 / knight(02) / 00:00:00:000 para top(01)
Mensaje D / 00:00:10:000 / top(01) / 00:00:00:000 para Root(00)
Mensaje * / 00:00:10:000 / Root(00) para top(01)
Mensaje * / 00:00:10:000 / top(01) para knight(02)
Mensaje * / 00:00:10:000 / knight(02) para kdecision(03)
Mensaje Y / 00:00:10:000 / kdecision(03) / out /     73.00000 para knight(02)
Mensaje D / 00:00:10:000 / kdecision(03) / ... para knight(02)
Mensaje X / 00:00:10:000 / knight(02) / in /     73.00000 para kattack(04)
Mensaje X / 00:00:10:000 / knight(02) / in /     73.00000 para kmove(05)
Mensaje D / 00:00:10:000 / kattack(04) / ... para knight(02)
Mensaje D / 00:00:10:000 / kmove(05) / 00:00:05:000 para knight(02)
Mensaje D / 00:00:10:000 / knight(02) / 00:00:05:000 para top(01)
Mensaje D / 00:00:10:000 / top(01) / 00:00:05:000 para Root(00)
Mensaje * / 00:00:15:000 / Root(00) para top(01)
Mensaje * / 00:00:15:000 / top(01) para knight(02)
Mensaje * / 00:00:15:000 / knight(02) para kmove(05)
Mensaje Y / 00:00:15:000 / kmove(05) / out /     69.00000 para knight(02)
Mensaje D / 00:00:15:000 / kmove(05) / ... para knight(02)
Mensaje Y / 00:00:15:000 / knight(02) / kout /     69.00000 para top(01)
Mensaje D / 00:00:15:000 / knight(02) / ... para top(01)
Mensaje X / 00:00:15:000 / top(01) / din /     69.00000 para dragon(06)
Mensaje X / 00:00:15:000 / dragon(06) / in /     69.00000 para ddecision(07)
Mensaje D / 00:00:15:000 / ddecision(07) / 00:00:00:000 para dragon(06)
Mensaje D / 00:00:15:000 / dragon(06) / 00:00:00:000 para top(01)
Mensaje D / 00:00:15:000 / top(01) / 00:00:00:000 para Root(00)
Mensaje * / 00:00:15:000 / Root(00) para top(01)
Mensaje * / 00:00:15:000 / top(01) para dragon(06)
Mensaje * / 00:00:15:000 / dragon(06) para ddecision(07)
Mensaje Y / 00:00:15:000 / ddecision(07) / out /    -69.00000 para dragon(06)
Mensaje D / 00:00:15:000 / ddecision(07) / ... para dragon(06)
Mensaje X / 00:00:15:000 / dragon(06) / in /    -69.00000 para dattack(08)
Mensaje X / 00:00:15:000 / dragon(06) / in /    -69.00000 para dmove(09)
Mensaje D / 00:00:15:000 / dattack(08) / 00:00:10:000 para dragon(06)
Mensaje D / 00:00:15:000 / dmove(09) / ... para dragon(06)
Mensaje D / 00:00:15:000 / dragon(06) / 00:00:10:000 para top(01)
Mensaje D / 00:00:15:000 / top(01) / 00:00:10:000 para Root(00)
Mensaje * / 00:00:25:000 / Root(00) para top(01)
Mensaje * / 00:00:25:000 / top(01) para dragon(06)
Mensaje * / 00:00:25:000 / dragon(06) para dattack(08)
Mensaje Y / 00:00:25:000 / dattack(08) / out /    -10.00000 para dragon(06)
Mensaje D / 00:00:25:000 / dattack(08) / ... para dragon(06)
Mensaje Y / 00:00:25:000 / dragon(06) / dout /    -10.00000 para top(01)
Mensaje D / 00:00:25:000 / dragon(06) / ... para top(01)
Mensaje Y / 00:00:25:000 / top(01) / battleout /    -10.00000 para Root(00)
Mensaje X / 00:00:25:000 / top(01) / kin /    -10.00000 para knight(02)
Mensaje X / 00:00:25:000 / knight(02) / in /    -10.00000 para kdecision(03)
Mensaje D / 00:00:25:000 / kdecision(03) / 00:00:00:000 para knight(02)
Mensaje D / 00:00:25:000 / knight(02) / 00:00:00:000 para top(01)
Mensaje D / 00:00:25:000 / top(01) / 00:00:00:000 para Root(00)
Mensaje * / 00:00:25:000 / Root(00) para top(01)
Mensaje * / 00:00:25:000 / top(01) para knight(02)
Mensaje * / 00:00:25:000 / knight(02) para kdecision(03)
Mensaje Y / 00:00:25:000 / kdecision(03) / out /     73.00000 para knight(02)
Mensaje D / 00:00:25:000 / kdecision(03) / ... para knight(02)
Mensaje X / 00:00:25:000 / knight(02) / in /     73.00000 para kattack(04)
Mensaje X / 00:00:25:000 / knight(02) / in /     73.00000 para kmove(05)
Mensaje D / 00:00:25:000 / kattack(04) / ... para knight(02)
Mensaje D / 00:00:25:000 / kmove(05) / 00:00:05:000 para knight(02)
Mensaje D / 00:00:25:000 / knight(02) / 00:00:05:000 para top(01)
Mensaje D / 00:00:25:000 / top(01) / 00:00:05:000 para Root(00)
Mensaje * / 00:00:30:000 / Root(00) para top(01)
Mensaje * / 00:00:30:000 / top(01) para knight(02)
Mensaje * / 00:00:30:000 / knight(02) para kmove(05)
Mensaje Y / 00:00:30:000 / kmove(05) / out /     69.00000 para knight(02)
Mensaje D / 00:00:30:000 / kmove(05) / ... para knight(02)
Mensaje Y / 00:00:30:000 / knight(02) / kout /     69.00000 para top(01)
Mensaje D / 00:00:30:000 / knight(02) / ... para top(01)
Mensaje X / 00:00:30:000 / top(01) / din /     69.00000 para dragon(06)
Mensaje X / 00:00:30:000 / dragon(06) / in /     69.00000 para ddecision(07)
Mensaje D / 00:00:30:000 / ddecision(07) / 00:00:00:000 para dragon(06)
Mensaje D / 00:00:30:000 / dragon(06) / 00:00:00:000 para top(01)
Mensaje D / 00:00:30:000 / top(01) / 00:00:00:000 para Root(00)
Mensaje * / 00:00:30:000 / Root(00) para top(01)
Mensaje * / 00:00:30:000 / top(01) para dragon(06)
Mensaje * / 00:00:30:000 / dragon(06) para ddecision(07)
Mensaje Y / 00:00:30:000 / ddecision(07) / out /    -69.00000 para dragon(06)
Mensaje D / 00:00:30:000 / ddecision(07) / ... para dragon(06)
Mensaje X / 00:00:30:000 / dragon(06) / in /    -69.00000 para dattack(08)
Mensaje X / 00:00:30:000 / dragon(06) / in /    -69.00000 para dmove(09)
Mensaje D / 00:00:30:000 / dattack(08) / 00:00:10:000 para dragon(06)
Mensaje D / 00:00:30:000 / dmove(09) / ... para dragon(06)
Mensaje D / 00:00:30:000 / dragon(06) / 00:00:10:000 para top(01)
Mensaje D / 00:00:30:000 / top(01) / 00:00:10:000 para Root(00)
Mensaje * / 00:00:40:000 / Root(00) para top(01)
Mensaje * / 00:00:40:000 / top(01) para dragon(06)
Mensaje * / 00:00:40:000 / dragon(06) para dattack(08)
Mensaje Y / 00:00:40:000 / dattack(08) / out /    -10.00000 para dragon(06)
Mensaje D / 00:00:40:000 / dattack(08) / ... para dragon(06)
Mensaje Y / 00:00:40:000 / dragon(06) / dout /    -10.00000 para top(01)
Mensaje D / 00:00:40:000 / dragon(06) / ... para top(01)
Mensaje Y / 00:00:40:000 / top(01) / battleout /    -10.00000 para Root(00)
Mensaje X / 00:00:40:000 / top(01) / kin /    -10.00000 para knight(02)
Mensaje X / 00:00:40:000 / knight(02) / in /    -10.00000 para kdecision(03)
Mensaje D / 00:00:40:000 / kdecision(03) / 00:00:00:000 para knight(02)
Mensaje D / 00:00:40:000 / knight(02) / 00:00:00:000 para top(01)
Mensaje D / 00:00:40:000 / top(01) / 00:00:00:000 para Root(00)
Mensaje * / 00:00:40:000 / Root(00) para top(01)
Mensaje * / 00:00:40:000 / top(01) para knight(02)
Mensaje * / 00:00:40:000 / knight(02) para kdecision(03)
Mensaje Y / 00:00:40:000 / kdecision(03) / out /     73.00000 para knight(02)
Mensaje D / 00:00:40:000 / kdecision(03) / ... para knight(02)
Mensaje X / 00:00:40:000 / knight(02) / in /     73.00000 para kattack(04)
Mensaje X / 00:00:40:000 / knight(02) / in /     73.00000 para kmove(05)
Mensaje D / 00:00:40:000 / kattack(04) / ... para knight(02)
Mensaje D / 00:00:40:000 / kmove(05) / 00:00:05:000 para knight(02)
Mensaje D / 00:00:40:000 / knight(02) / 00:00:05:000 para top(01)
Mensaje D / 00:00:40:000 / top(01) / 00:00:05:000 para Root(00)
Mensaje * / 00:00:45:000 / Root(00) para top(01)
Mensaje * / 00:00:45:000 / top(01) para knight(02)
Mensaje * / 00:00:45:000 / knight(02) para kmove(05)
Mensaje Y / 00:00:45:000 / kmove(05) / out /     69.00000 para knight(02)
Mensaje D / 00:00:45:000 / kmove(05) / ... para knight(02)
Mensaje Y / 00:00:45:000 / knight(02) / kout /     69.00000 para top(01)
Mensaje D / 00:00:45:000 / knight(02) / ... para top(01)
Mensaje X / 00:00:45:000 / top(01) / din /     69.00000 para dragon(06)
Mensaje X / 00:00:45:000 / dragon(06) / in /     69.00000 para ddecision(07)
Mensaje D / 00:00:45:000 / ddecision(07) / 00:00:00:000 para dragon(06)
Mensaje D / 00:00:45:000 / dragon(06) / 00:00:00:000 para top(01)
Mensaje D / 00:00:45:000 / top(01) / 00:00:00:000 para Root(00)
Mensaje * / 00:00:45:000 / Root(00) para top(01)
Mensaje * / 00:00:45:000 / top(01) para dragon(06)
Mensaje * / 00:00:45:000 / dragon(06) para ddecision(07)
Mensaje Y / 00:00:45:000 / ddecision(07) / out /     69.00000 para dragon(06)
Mensaje D / 00:00:45:000 / ddecision(07) / ... para dragon(06)
Mensaje X / 00:00:45:000 / dragon(06) / in /     69.00000 para dattack(08)
Mensaje X / 00:00:45:000 / dragon(06) / in /     69.00000 para dmove(09)
Mensaje D / 00:00:45:000 / dattack(08) / ... para dragon(06)
Mensaje D / 00:00:45:000 / dmove(09) / 00:00:05:000 para dragon(06)
Mensaje D / 00:00:45:000 / dragon(06) / 00:00:05:000 para top(01)
Mensaje D / 00:00:45:000 / top(01) / 00:00:05:000 para Root(00)
Mensaje * / 00:00:50:000 / Root(00) para top(01)
Mensaje * / 00:00:50:000 / top(01) para dragon(06)
Mensaje * / 00:00:50:000 / dragon(06) para dmove(09)
Mensaje Y / 00:00:50:000 / dmove(09) / out /     69.00000 para dragon(06)
Mensaje D / 00:00:50:000 / dmove(09) / ... para dragon(06)
Mensaje Y / 00:00:50:000 / dragon(06) / dout /     69.00000 para top(01)
Mensaje D / 00:00:50:000 / dragon(06) / ... para top(01)
Mensaje Y / 00:00:50:000 / top(01) / battleout /     69.00000 para Root(00)
Mensaje X / 00:00:50:000 / top(01) / kin /     69.00000 para knight(02)
Mensaje X / 00:00:50:000 / knight(02) / in /     69.00000 para kdecision(03)
Mensaje D / 00:00:50:000 / kdecision(03) / 00:00:00:000 para knight(02)
Mensaje D / 00:00:50:000 / knight(02) / 00:00:00:000 para top(01)
Mensaje D / 00:00:50:000 / top(01) / 00:00:00:000 para Root(00)
Mensaje * / 00:00:50:000 / Root(00) para top(01)
Mensaje * / 00:00:50:000 / top(01) para knight(02)
Mensaje * / 00:00:50:000 / knight(02) para kdecision(03)
Mensaje Y / 00:00:50:000 / kdecision(03) / out /     69.00000 para knight(02)
Mensaje D / 00:00:50:000 / kdecision(03) / ... para knight(02)
Mensaje X / 00:00:50:000 / knight(02) / in /     69.00000 para kattack(04)
Mensaje X / 00:00:50:000 / knight(02) / in /     69.00000 para kmove(05)
Mensaje D / 00:00:50:000 / kattack(04) / ... para knight(02)
Mensaje D / 00:00:50:000 / kmove(05) / 00:00:05:000 para knight(02)
Mensaje D / 00:00:50:000 / knight(02) / 00:00:05:000 para top(01)
Mensaje D / 00:00:50:000 / top(01) / 00:00:05:000 para Root(00)
Mensaje * / 00:00:55:000 / Root(00) para top(01)
Mensaje * / 00:00:55:000 / top(01) para knight(02)
Mensaje * / 00:00:55:000 / knight(02) para kmove(05)
Mensaje Y / 00:00:55:000 / kmove(05) / out /     65.00000 para knight(02)
Mensaje D / 00:00:55:000 / kmove(05) / ... para knight(02)
Mensaje Y / 00:00:55:000 / knight(02) / kout /     65.00000 para top(01)
Mensaje D / 00:00:55:000 / knight(02) / ... para top(01)
Mensaje X / 00:00:55:000 / top(01) / din /     65.00000 para dragon(06)
Mensaje X / 00:00:55:000 / dragon(06) / in /     65.00000 para ddecision(07)
Mensaje D / 00:00:55:000 / ddecision(07) / 00:00:00:000 para dragon(06)
Mensaje D / 00:00:55:000 / dragon(06) / 00:00:00:000 para top(01)
Mensaje D / 00:00:55:000 / top(01) / 00:00:00:000 para Root(00)
Mensaje * / 00:00:55:000 / Root(00) para top(01)
Mensaje * / 00:00:55:000 / top(01) para dragon(06)
Mensaje * / 00:00:55:000 / dragon(06) para ddecision(07)
Mensaje Y / 00:00:55:000 / ddecision(07) / out /    -65.00000 para dragon(06)
Mensaje D / 00:00:55:000 / ddecision(07) / ... para dragon(06)
Mensaje X / 00:00:55:000 / dragon(06) / in /    -65.00000 para dattack(08)
Mensaje X / 00:00:55:000 / dragon(06) / in /    -65.00000 para dmove(09)
Mensaje D / 00:00:55:000 / dattack(08) / 00:00:10:000 para dragon(06)
Mensaje D / 00:00:55:000 / dmove(09) / ... para dragon(06)
Mensaje D / 00:00:55:000 / dragon(06) / 00:00:10:000 para top(01)
Mensaje D / 00:00:55:000 / top(01) / 00:00:10:000 para Root(00)
Mensaje * / 00:01:05:000 / Root(00) para top(01)
Mensaje * / 00:01:05:000 / top(01) para dragon(06)
Mensaje * / 00:01:05:000 / dragon(06) para dattack(08)
Mensaje Y / 00:01:05:000 / dattack(08) / out /    -10.00000 para dragon(06)
Mensaje D / 00:01:05:000 / dattack(08) / ... para dragon(06)
Mensaje Y / 00:01:05:000 / dragon(06) / dout /    -10.00000 para top(01)
Mensaje D / 00:01:05:000 / dragon(06) / ... para top(01)
Mensaje Y / 00:01:05:000 / top(01) / battleout /    -10.00000 para Root(00)
Mensaje X / 00:01:05:000 / top(01) / kin /    -10.00000 para knight(02)
Mensaje X / 00:01:05:000 / knight(02) / in /    -10.00000 para kdecision(03)
Mensaje D / 00:01:05:000 / kdecision(03) / 00:00:00:000 para knight(02)
Mensaje D / 00:01:05:000 / knight(02) / 00:00:00:000 para top(01)
Mensaje D / 00:01:05:000 / top(01) / 00:00:00:000 para Root(00)
Mensaje * / 00:01:05:000 / Root(00) para top(01)
Mensaje * / 00:01:05:000 / top(01) para knight(02)
Mensaje * / 00:01:05:000 / knight(02) para kdecision(03)
Mensaje Y / 00:01:05:000 / kdecision(03) / out /     69.00000 para knight(02)
Mensaje D / 00:01:05:000 / kdecision(03) / ... para knight(02)
Mensaje X / 00:01:05:000 / knight(02) / in /     69.00000 para kattack(04)
Mensaje X / 00:01:05:000 / knight(02) / in /     69.00000 para kmove(05)
Mensaje D / 00:01:05:000 / kattack(04) / ... para knight(02)
Mensaje D / 00:01:05:000 / kmove(05) / 00:00:05:000 para knight(02)
Mensaje D / 00:01:05:000 / knight(02) / 00:00:05:000 para top(01)
Mensaje D / 00:01:05:000 / top(01) / 00:00:05:000 para Root(00)
Mensaje * / 00:01:10:000 / Root(00) para top(01)
Mensaje * / 00:01:10:000 / top(01) para knight(02)
Mensaje * / 00:01:10:000 / knight(02) para kmove(05)
Mensaje Y / 00:01:10:000 / kmove(05) / out /     65.00000 para knight(02)
Mensaje D / 00:01:10:000 / kmove(05) / ... para knight(02)
Mensaje Y / 00:01:10:000 / knight(02) / kout /     65.00000 para top(01)
Mensaje D / 00:01:10:000 / knight(02) / ... para top(01)
Mensaje X / 00:01:10:000 / top(01) / din /     65.00000 para dragon(06)
Mensaje X / 00:01:10:000 / dragon(06) / in /     65.00000 para ddecision(07)
Mensaje D / 00:01:10:000 / ddecision(07) / 00:00:00:000 para dragon(06)
Mensaje D / 00:01:10:000 / dragon(06) / 00:00:00:000 para top(01)
Mensaje D / 00:01:10:000 / top(01) / 00:00:00:000 para Root(00)
Mensaje * / 00:01:10:000 / Root(00) para top(01)
Mensaje * / 00:01:10:000 / top(01) para dragon(06)
Mensaje * / 00:01:10:000 / dragon(06) para ddecision(07)
Mensaje Y / 00:01:10:000 / ddecision(07) / out /     65.00000 para dragon(06)
Mensaje D / 00:01:10:000 / ddecision(07) / ... para dragon(06)
Mensaje X / 00:01:10:000 / dragon(06) / in /     65.00000 para dattack(08)
Mensaje X / 00:01:10:000 / dragon(06) / in /     65.00000 para dmove(09)
Mensaje D / 00:01:10:000 / dattack(08) / ... para dragon(06)
Mensaje D / 00:01:10:000 / dmove(09) / 00:00:05:000 para dragon(06)
Mensaje D / 00:01:10:000 / dragon(06) / 00:00:05:000 para top(01)
Mensaje D / 00:01:10:000 / top(01) / 00:00:05:000 para Root(00)
Mensaje * / 00:01:15:000 / Root(00) para top(01)
Mensaje * / 00:01:15:000 / top(01) para dragon(06)
Mensaje * / 00:01:15:000 / dragon(06) para dmove(09)
Mensaje Y / 00:01:15:000 / dmove(09) / out /     73.00000 para dragon(06)
Mensaje D / 00:01:15:000 / dmove(09) / ... para dragon(06)
Mensaje Y / 00:01:15:000 / dragon(06) / dout /     73.00000 para top(01)
Mensaje D / 00:01:15:000 / dragon(06) / ... para top(01)
Mensaje Y / 00:01:15:000 / top(01) / battleout /     73.00000 para Root(00)
Mensaje X / 00:01:15:000 / top(01) / kin /     73.00000 para knight(02)
Mensaje X / 00:01:15:000 / knight(02) / in /     73.00000 para kdecision(03)
Mensaje D / 00:01:15:000 / kdecision(03) / 00:00:00:000 para knight(02)
Mensaje D / 00:01:15:000 / knight(02) / 00:00:00:000 para top(01)
Mensaje D / 00:01:15:000 / top(01) / 00:00:00:000 para Root(00)
Mensaje * / 00:01:15:000 / Root(00) para top(01)
Mensaje * / 00:01:15:000 / top(01) para knight(02)
Mensaje * / 00:01:15:000 / knight(02) para kdecision(03)
Mensaje Y / 00:01:15:000 / kdecision(03) / out /     73.00000 para knight(02)
Mensaje D / 00:01:15:000 / kdecision(03) / ... para knight(02)
Mensaje X / 00:01:15:000 / knight(02) / in /     73.00000 para kattack(04)
Mensaje X / 00:01:15:000 / knight(02) / in /     73.00000 para kmove(05)
Mensaje D / 00:01:15:000 / kattack(04) / ... para knight(02)
Mensaje D / 00:01:15:000 / kmove(05) / 00:00:05:000 para knight(02)
Mensaje D / 00:01:15:000 / knight(02) / 00:00:05:000 para top(01)
Mensaje D / 00:01:15:000 / top(01) / 00:00:05:000 para Root(00)
Mensaje * / 00:01:20:000 / Root(00) para top(01)
Mensaje * / 00:01:20:000 / top(01) para knight(02)
Mensaje * / 00:01:20:000 / knight(02) para kmove(05)
Mensaje Y / 00:01:20:000 / kmove(05) / out /     69.00000 para knight(02)
Mensaje D / 00:01:20:000 / kmove(05) / ... para knight(02)
Mensaje Y / 00:01:20:000 / knight(02) / kout /     69.00000 para top(01)
Mensaje D / 00:01:20:000 / knight(02) / ... para top(01)
Mensaje X / 00:01:20:000 / top(01) / din /     69.00000 para dragon(06)
Mensaje X / 00:01:20:000 / dragon(06) / in /     69.00000 para ddecision(07)
Mensaje D / 00:01:20:000 / ddecision(07) / 00:00:00:000 para dragon(06)
Mensaje D / 00:01:20:000 / dragon(06) / 00:00:00:000 para top(01)
Mensaje D / 00:01:20:000 / top(01) / 00:00:00:000 para Root(00)
Mensaje * / 00:01:20:000 / Root(00) para top(01)
Mensaje * / 00:01:20:000 / top(01) para dragon(06)
Mensaje * / 00:01:20:000 / dragon(06) para ddecision(07)
Mensaje Y / 00:01:20:000 / ddecision(07) / out /    -69.00000 para dragon(06)
Mensaje D / 00:01:20:000 / ddecision(07) / ... para dragon(06)
Mensaje X / 00:01:20:000 / dragon(06) / in /    -69.00000 para dattack(08)
Mensaje X / 00:01:20:000 / dragon(06) / in /    -69.00000 para dmove(09)
Mensaje D / 00:01:20:000 / dattack(08) / 00:00:10:000 para dragon(06)
Mensaje D / 00:01:20:000 / dmove(09) / ... para dragon(06)
Mensaje D / 00:01:20:000 / dragon(06) / 00:00:10:000 para top(01)
Mensaje D / 00:01:20:000 / top(01) / 00:00:10:000 para Root(00)
Mensaje * / 00:01:30:000 / Root(00) para top(01)
Mensaje * / 00:01:30:000 / top(01) para dragon(06)
Mensaje * / 00:01:30:000 / dragon(06) para dattack(08)
Mensaje Y / 00:01:30:000 / dattack(08) / out /    -10.00000 para dragon(06)
Mensaje D / 00:01:30:000 / dattack(08) / ... para dragon(06)
Mensaje Y / 00:01:30:000 / dragon(06) / dout /    -10.00000 para top(01)
Mensaje D / 00:01:30:000 / dragon(06) / ... para top(01)
Mensaje Y / 00:01:30:000 / top(01) / battleout /    -10.00000 para Root(00)
Mensaje X / 00:01:30:000 / top(01) / kin /    -10.00000 para knight(02)
Mensaje X / 00:01:30:000 / knight(02) / in /    -10.00000 para kdecision(03)
Mensaje D / 00:01:30:000 / kdecision(03) / 00:00:00:000 para knight(02)
Mensaje D / 00:01:30:000 / knight(02) / 00:00:00:000 para top(01)
Mensaje D / 00:01:30:000 / top(01) / 00:00:00:000 para Root(00)
Mensaje * / 00:01:30:000 / Root(00) para top(01)
Mensaje * / 00:01:30:000 / top(01) para knight(02)
Mensaje * / 00:01:30:000 / knight(02) para kdecision(03)
Mensaje Y / 00:01:30:000 / kdecision(03) / out /     73.00000 para knight(02)
Mensaje D / 00:01:30:000 / kdecision(03) / ... para knight(02)
Mensaje X / 00:01:30:000 / knight(02) / in /     73.00000 para kattack(04)
Mensaje X / 00:01:30:000 / knight(02) / in /     73.00000 para kmove(05)
Mensaje D / 00:01:30:000 / kattack(04) / ... para knight(02)
Mensaje D / 00:01:30:000 / kmove(05) / 00:00:05:000 para knight(02)
Mensaje D / 00:01:30:000 / knight(02) / 00:00:05:000 para top(01)
Mensaje D / 00:01:30:000 / top(01) / 00:00:05:000 para Root(00)
Mensaje * / 00:01:35:000 / Root(00) para top(01)
Mensaje * / 00:01:35:000 / top(01) para knight(02)
Mensaje * / 00:01:35:000 / knight(02) para kmove(05)
Mensaje Y / 00:01:35:000 / kmove(05) / out /     69.00000 para knight(02)
Mensaje D / 00:01:35:000 / kmove(05) / ... para knight(02)
Mensaje Y / 00:01:35:000 / knight(02) / kout /     69.00000 para top(01)
Mensaje D / 00:01:35:000 / knight(02) / ... para top(01)
Mensaje X / 00:01:35:000 / top(01) / din /     69.00000 para dragon(06)
Mensaje X / 00:01:35:000 / dragon(06) / in /     69.00000 para ddecision(07)
Mensaje D / 00:01:35:000 / ddecision(07) / 00:00:00:000 para dragon(06)
Mensaje D / 00:01:35:000 / dragon(06) / 00:00:00:000 para top(01)
Mensaje D / 00:01:35:000 / top(01) / 00:00:00:000 para Root(00)
Mensaje * / 00:01:35:000 / Root(00) para top(01)
Mensaje * / 00:01:35:000 / top(01) para dragon(06)
Mensaje * / 00:01:35:000 / dragon(06) para ddecision(07)
Mensaje Y / 00:01:35:000 / ddecision(07) / out /     69.00000 para dragon(06)
Mensaje D / 00:01:35:000 / ddecision(07) / ... para dragon(06)
Mensaje X / 00:01:35:000 / dragon(06) / in /     69.00000 para dattack(08)
Mensaje X / 00:01:35:000 / dragon(06) / in /     69.00000 para dmove(09)
Mensaje D / 00:01:35:000 / dattack(08) / ... para dragon(06)
Mensaje D / 00:01:35:000 / dmove(09) / 00:00:05:000 para dragon(06)
Mensaje D / 00:01:35:000 / dragon(06) / 00:00:05:000 para top(01)
Mensaje D / 00:01:35:000 / top(01) / 00:00:05:000 para Root(00)
Mensaje * / 00:01:40:000 / Root(00) para top(01)
Mensaje * / 00:01:40:000 / top(01) para dragon(06)
Mensaje * / 00:01:40:000 / dragon(06) para dmove(09)
Mensaje Y / 00:01:40:000 / dmove(09) / out /     69.00000 para dragon(06)
Mensaje D / 00:01:40:000 / dmove(09) / ... para dragon(06)
Mensaje Y / 00:01:40:000 / dragon(06) / dout /     69.00000 para top(01)
Mensaje D / 00:01:40:000 / dragon(06) / ... para top(01)
Mensaje Y / 00:01:40:000 / top(01) / battleout /     69.00000 para Root(00)
Mensaje X / 00:01:40:000 / top(01) / kin /     69.00000 para knight(02)
Mensaje X / 00:01:40:000 / knight(02) / in /     69.00000 para kdecision(03)
Mensaje D / 00:01:40:000 / kdecision(03) / 00:00:00:000 para knight(02)
Mensaje D / 00:01:40:000 / knight(02) / 00:00:00:000 para top(01)
Mensaje D / 00:01:40:000 / top(01) / 00:00:00:000 para Root(00)
Mensaje * / 00:01:40:000 / Root(00) para top(01)
Mensaje * / 00:01:40:000 / top(01) para knight(02)
Mensaje * / 00:01:40:000 / knight(02) para kdecision(03)
Mensaje Y / 00:01:40:000 / kdecision(03) / out /     69.00000 para knight(02)
Mensaje D / 00:01:40:000 / kdecision(03) / ... para knight(02)
Mensaje X / 00:01:40:000 / knight(02) / in /     69.00000 para kattack(04)
Mensaje X / 00:01:40:000 / knight(02) / in /     69.00000 para kmove(05)
Mensaje D / 00:01:40:000 / kattack(04) / ... para knight(02)
Mensaje D / 00:01:40:000 / kmove(05) / 00:00:05:000 para knight(02)
Mensaje D / 00:01:40:000 / knight(02) / 00:00:05:000 para top(01)
Mensaje D / 00:01:40:000 / top(01) / 00:00:05:000 para Root(00)
Mensaje * / 00:01:45:000 / Root(00) para top(01)
Mensaje * / 00:01:45:000 / top(01) para knight(02)
Mensaje * / 00:01:45:000 / knight(02) para kmove(05)
Mensaje Y / 00:01:45:000 / kmove(05) / out /     65.00000 para knight(02)
Mensaje D / 00:01:45:000 / kmove(05) / ... para knight(02)
Mensaje Y / 00:01:45:000 / knight(02) / kout /     65.00000 para top(01)
Mensaje D / 00:01:45:000 / knight(02) / ... para top(01)
Mensaje X / 00:01:45:000 / top(01) / din /     65.00000 para dragon(06)
Mensaje X / 00:01:45:000 / dragon(06) / in /     65.00000 para ddecision(07)
Mensaje D / 00:01:45:000 / ddecision(07) / 00:00:00:000 para dragon(06)
Mensaje D / 00:01:45:000 / dragon(06) / 00:00:00:000 para top(01)
Mensaje D / 00:01:45:000 / top(01) / 00:00:00:000 para Root(00)
Mensaje * / 00:01:45:000 / Root(00) para top(01)
Mensaje * / 00:01:45:000 / top(01) para dragon(06)
Mensaje * / 00:01:45:000 / dragon(06) para ddecision(07)
Mensaje Y / 00:01:45:000 / ddecision(07) / out /     65.00000 para dragon(06)
Mensaje D / 00:01:45:000 / ddecision(07) / ... para dragon(06)
Mensaje X / 00:01:45:000 / dragon(06) / in /     65.00000 para dattack(08)
Mensaje X / 00:01:45:000 / dragon(06) / in /     65.00000 para dmove(09)
Mensaje D / 00:01:45:000 / dattack(08) / ... para dragon(06)
Mensaje D / 00:01:45:000 / dmove(09) / 00:00:05:000 para dragon(06)
Mensaje D / 00:01:45:000 / dragon(06) / 00:00:05:000 para top(01)
Mensaje D / 00:01:45:000 / top(01) / 00:00:05:000 para Root(00)
Mensaje * / 00:01:50:000 / Root(00) para top(01)
Mensaje * / 00:01:50:000 / top(01) para dragon(06)
Mensaje * / 00:01:50:000 / dragon(06) para dmove(09)
Mensaje Y / 00:01:50:000 / dmove(09) / out /     73.00000 para dragon(06)
Mensaje D / 00:01:50:000 / dmove(09) / ... para dragon(06)
Mensaje Y / 00:01:50:000 / dragon(06) / dout /     73.00000 para top(01)
Mensaje D / 00:01:50:000 / dragon(06) / ... para top(01)
Mensaje Y / 00:01:50:000 / top(01) / battleout /     73.00000 para Root(00)
Mensaje X / 00:01:50:000 / top(01) / kin /     73.00000 para knight(02)
Mensaje X / 00:01:50:000 / knight(02) / in /     73.00000 para kdecision(03)
Mensaje D / 00:01:50:000 / kdecision(03) / 00:00:00:000 para knight(02)
Mensaje D / 00:01:50:000 / knight(02) / 00:00:00:000 para top(01)
Mensaje D / 00:01:50:000 / top(01) / 00:00:00:000 para Root(00)
Mensaje * / 00:01:50:000 / Root(00) para top(01)
Mensaje * / 00:01:50:000 / top(01) para knight(02)
Mensaje * / 00:01:50:000 / knight(02) para kdecision(03)
Mensaje Y / 00:01:50:000 / kdecision(03) / out /     73.00000 para knight(02)
Mensaje D / 00:01:50:000 / kdecision(03) / ... para knight(02)
Mensaje X / 00:01:50:000 / knight(02) / in /     73.00000 para kattack(04)
Mensaje X / 00:01:50:000 / knight(02) / in /     73.00000 para kmove(05)
Mensaje D / 00:01:50:000 / kattack(04) / ... para knight(02)
Mensaje D / 00:01:50:000 / kmove(05) / 00:00:05:000 para knight(02)
Mensaje D / 00:01:50:000 / knight(02) / 00:00:05:000 para top(01)
Mensaje D / 00:01:50:000 / top(01) / 00:00:05:000 para Root(00)
Mensaje * / 00:01:55:000 / Root(00) para top(01)
Mensaje * / 00:01:55:000 / top(01) para knight(02)
Mensaje * / 00:01:55:000 / knight(02) para kmove(05)
Mensaje Y / 00:01:55:000 / kmove(05) / out /     69.00000 para knight(02)
Mensaje D / 00:01:55:000 / kmove(05) / ... para knight(02)
Mensaje Y / 00:01:55:000 / knight(02) / kout /     69.00000 para top(01)
Mensaje D / 00:01:55:000 / knight(02) / ... para top(01)
Mensaje X / 00:01:55:000 / top(01) / din /     69.00000 para dragon(06)
Mensaje X / 00:01:55:000 / dragon(06) / in /     69.00000 para ddecision(07)
Mensaje D / 00:01:55:000 / ddecision(07) / 00:00:00:000 para dragon(06)
Mensaje D / 00:01:55:000 / dragon(06) / 00:00:00:000 para top(01)
Mensaje D / 00:01:55:000 / top(01) / 00:00:00:000 para Root(00)
Mensaje * / 00:01:55:000 / Root(00) para top(01)
Mensaje * / 00:01:55:000 / top(01) para dragon(06)
Mensaje * / 00:01:55:000 / dragon(06) para ddecision(07)
Mensaje Y / 00:01:55:000 / ddecision(07) / out /     69.00000 para dragon(06)
Mensaje D / 00:01:55:000 / ddecision(07) / ... para dragon(06)
Mensaje X / 00:01:55:000 / dragon(06) / in /     69.00000 para dattack(08)
Mensaje X / 00:01:55:000 / dragon(06) / in /     69.00000 para dmove(09)
Mensaje D / 00:01:55:000 / dattack(08) / ... para dragon(06)
Mensaje D / 00:01:55:000 / dmove(09) / 00:00:05:000 para dragon(06)
Mensaje D / 00:01:55:000 / dragon(06) / 00:00:05:000 para top(01)
Mensaje D / 00:01:55:000 / top(01) / 00:00:05:000 para Root(00)
Mensaje * / 00:02:00:000 / Root(00) para top(01)
Mensaje * / 00:02:00:000 / top(01) para dragon(06)
Mensaje * / 00:02:00:000 / dragon(06) para dmove(09)
Mensaje Y / 00:02:00:000 / dmove(09) / out /     61.00000 para dragon(06)
Mensaje D / 00:02:00:000 / dmove(09) / ... para dragon(06)
Mensaje Y / 00:02:00:000 / dragon(06) / dout /     61.00000 para top(01)
Mensaje D / 00:02:00:000 / dragon(06) / ... para top(01)
Mensaje Y / 00:02:00:000 / top(01) / battleout /     61.00000 para Root(00)
Mensaje X / 00:02:00:000 / top(01) / kin /     61.00000 para knight(02)
Mensaje X / 00:02:00:000 / knight(02) / in /     61.00000 para kdecision(03)
Mensaje D / 00:02:00:000 / kdecision(03) / 00:00:00:000 para knight(02)
Mensaje D / 00:02:00:000 / knight(02) / 00:00:00:000 para top(01)
Mensaje D / 00:02:00:000 / top(01) / 00:00:00:000 para Root(00)
Mensaje * / 00:02:00:000 / Root(00) para top(01)
Mensaje * / 00:02:00:000 / top(01) para knight(02)
Mensaje * / 00:02:00:000 / knight(02) para kdecision(03)
Mensaje Y / 00:02:00:000 / kdecision(03) / out /     61.00000 para knight(02)
Mensaje D / 00:02:00:000 / kdecision(03) / ... para knight(02)
Mensaje X / 00:02:00:000 / knight(02) / in /     61.00000 para kattack(04)
Mensaje X / 00:02:00:000 / knight(02) / in /     61.00000 para kmove(05)
Mensaje D / 00:02:00:000 / kattack(04) / ... para knight(02)
Mensaje D / 00:02:00:000 / kmove(05) / 00:00:05:000 para knight(02)
Mensaje D / 00:02:00:000 / knight(02) / 00:00:05:000 para top(01)
Mensaje D / 00:02:00:000 / top(01) / 00:00:05:000 para Root(00)
Mensaje * / 00:02:05:000 / Root(00) para top(01)
Mensaje * / 00:02:05:000 / top(01) para knight(02)
Mensaje * / 00:02:05:000 / knight(02) para kmove(05)
Mensaje Y / 00:02:05:000 / kmove(05) / out /     57.00000 para knight(02)
Mensaje D / 00:02:05:000 / kmove(05) / ... para knight(02)
Mensaje Y / 00:02:05:000 / knight(02) / kout /     57.00000 para top(01)
Mensaje D / 00:02:05:000 / knight(02) / ... para top(01)
Mensaje X / 00:02:05:000 / top(01) / din /     57.00000 para dragon(06)
Mensaje X / 00:02:05:000 / dragon(06) / in /     57.00000 para ddecision(07)
Mensaje D / 00:02:05:000 / ddecision(07) / 00:00:00:000 para dragon(06)
Mensaje D / 00:02:05:000 / dragon(06) / 00:00:00:000 para top(01)
Mensaje D / 00:02:05:000 / top(01) / 00:00:00:000 para Root(00)
Mensaje * / 00:02:05:000 / Root(00) para top(01)
Mensaje * / 00:02:05:000 / top(01) para dragon(06)
Mensaje * / 00:02:05:000 / dragon(06) para ddecision(07)
Mensaje Y / 00:02:05:000 / ddecision(07) / out /     57.00000 para dragon(06)
Mensaje D / 00:02:05:000 / ddecision(07) / ... para dragon(06)
Mensaje X / 00:02:05:000 / dragon(06) / in /     57.00000 para dattack(08)
Mensaje X / 00:02:05:000 / dragon(06) / in /     57.00000 para dmove(09)
Mensaje D / 00:02:05:000 / dattack(08) / ... para dragon(06)
Mensaje D / 00:02:05:000 / dmove(09) / 00:00:05:000 para dragon(06)
Mensaje D / 00:02:05:000 / dragon(06) / 00:00:05:000 para top(01)
Mensaje D / 00:02:05:000 / top(01) / 00:00:05:000 para Root(00)
Mensaje * / 00:02:10:000 / Root(00) para top(01)
Mensaje * / 00:02:10:000 / top(01) para dragon(06)
Mensaje * / 00:02:10:000 / dragon(06) para dmove(09)
Mensaje Y / 00:02:10:000 / dmove(09) / out /     65.00000 para dragon(06)
Mensaje D / 00:02:10:000 / dmove(09) / ... para dragon(06)
Mensaje Y / 00:02:10:000 / dragon(06) / dout /     65.00000 para top(01)
Mensaje D / 00:02:10:000 / dragon(06) / ... para top(01)
Mensaje Y / 00:02:10:000 / top(01) / battleout /     65.00000 para Root(00)
Mensaje X / 00:02:10:000 / top(01) / kin /     65.00000 para knight(02)
Mensaje X / 00:02:10:000 / knight(02) / in /     65.00000 para kdecision(03)
Mensaje D / 00:02:10:000 / kdecision(03) / 00:00:00:000 para knight(02)
Mensaje D / 00:02:10:000 / knight(02) / 00:00:00:000 para top(01)
Mensaje D / 00:02:10:000 / top(01) / 00:00:00:000 para Root(00)
Mensaje * / 00:02:10:000 / Root(00) para top(01)
Mensaje * / 00:02:10:000 / top(01) para knight(02)
Mensaje * / 00:02:10:000 / knight(02) para kdecision(03)
Mensaje Y / 00:02:10:000 / kdecision(03) / out /     65.00000 para knight(02)
Mensaje D / 00:02:10:000 / kdecision(03) / ... para knight(02)
Mensaje X / 00:02:10:000 / knight(02) / in /     65.00000 para kattack(04)
Mensaje X / 00:02:10:000 / knight(02) / in /     65.00000 para kmove(05)
Mensaje D / 00:02:10:000 / kattack(04) / ... para knight(02)
Mensaje D / 00:02:10:000 / kmove(05) / 00:00:05:000 para knight(02)
Mensaje D / 00:02:10:000 / knight(02) / 00:00:05:000 para top(01)
Mensaje D / 00:02:10:000 / top(01) / 00:00:05:000 para Root(00)
Mensaje * / 00:02:15:000 / Root(00) para top(01)
Mensaje * / 00:02:15:000 / top(01) para knight(02)
Mensaje * / 00:02:15:000 / knight(02) para kmove(05)
Mensaje Y / 00:02:15:000 / kmove(05) / out /     61.00000 para knight(02)
Mensaje D / 00:02:15:000 / kmove(05) / ... para knight(02)
Mensaje Y / 00:02:15:000 / knight(02) / kout /     61.00000 para top(01)
Mensaje D / 00:02:15:000 / knight(02) / ... para top(01)
Mensaje X / 00:02:15:000 / top(01) / din /     61.00000 para dragon(06)
Mensaje X / 00:02:15:000 / dragon(06) / in /     61.00000 para ddecision(07)
Mensaje D / 00:02:15:000 / ddecision(07) / 00:00:00:000 para dragon(06)
Mensaje D / 00:02:15:000 / dragon(06) / 00:00:00:000 para top(01)
Mensaje D / 00:02:15:000 / top(01) / 00:00:00:000 para Root(00)
Mensaje * / 00:02:15:000 / Root(00) para top(01)
Mensaje * / 00:02:15:000 / top(01) para dragon(06)
Mensaje * / 00:02:15:000 / dragon(06) para ddecision(07)
Mensaje Y / 00:02:15:000 / ddecision(07) / out /     61.00000 para dragon(06)
Mensaje D / 00:02:15:000 / ddecision(07) / ... para dragon(06)
Mensaje X / 00:02:15:000 / dragon(06) / in /     61.00000 para dattack(08)
Mensaje X / 00:02:15:000 / dragon(06) / in /     61.00000 para dmove(09)
Mensaje D / 00:02:15:000 / dattack(08) / ... para dragon(06)
Mensaje D / 00:02:15:000 / dmove(09) / 00:00:05:000 para dragon(06)
Mensaje D / 00:02:15:000 / dragon(06) / 00:00:05:000 para top(01)
Mensaje D / 00:02:15:000 / top(01) / 00:00:05:000 para Root(00)
Mensaje * / 00:02:20:000 / Root(00) para top(01)
Mensaje * / 00:02:20:000 / top(01) para dragon(06)
Mensaje * / 00:02:20:000 / dragon(06) para dmove(09)
Mensaje Y / 00:02:20:000 / dmove(09) / out /     53.00000 para dragon(06)
Mensaje D / 00:02:20:000 / dmove(09) / ... para dragon(06)
Mensaje Y / 00:02:20:000 / dragon(06) / dout /     53.00000 para top(01)
Mensaje D / 00:02:20:000 / dragon(06) / ... para top(01)
Mensaje Y / 00:02:20:000 / top(01) / battleout /     53.00000 para Root(00)
Mensaje X / 00:02:20:000 / top(01) / kin /     53.00000 para knight(02)
Mensaje X / 00:02:20:000 / knight(02) / in /     53.00000 para kdecision(03)
Mensaje D / 00:02:20:000 / kdecision(03) / 00:00:00:000 para knight(02)
Mensaje D / 00:02:20:000 / knight(02) / 00:00:00:000 para top(01)
Mensaje D / 00:02:20:000 / top(01) / 00:00:00:000 para Root(00)
Mensaje * / 00:02:20:000 / Root(00) para top(01)
Mensaje * / 00:02:20:000 / top(01) para knight(02)
Mensaje * / 00:02:20:000 / knight(02) para kdecision(03)
Mensaje Y / 00:02:20:000 / kdecision(03) / out /     53.00000 para knight(02)
Mensaje D / 00:02:20:000 / kdecision(03) / ... para knight(02)
Mensaje X / 00:02:20:000 / knight(02) / in /     53.00000 para kattack(04)
Mensaje X / 00:02:20:000 / knight(02) / in /     53.00000 para kmove(05)
Mensaje D / 00:02:20:000 / kattack(04) / ... para knight(02)
Mensaje D / 00:02:20:000 / kmove(05) / 00:00:05:000 para knight(02)
Mensaje D / 00:02:20:000 / knight(02) / 00:00:05:000 para top(01)
Mensaje D / 00:02:20:000 / top(01) / 00:00:05:000 para Root(00)
Mensaje * / 00:02:25:000 / Root(00) para top(01)
Mensaje * / 00:02:25:000 / top(01) para knight(02)
Mensaje * / 00:02:25:000 / knight(02) para kmove(05)
Mensaje Y / 00:02:25:000 / kmove(05) / out /     49.00000 para knight(02)
Mensaje D / 00:02:25:000 / kmove(05) / ... para knight(02)
Mensaje Y / 00:02:25:000 / knight(02) / kout /     49.00000 para top(01)
Mensaje D / 00:02:25:000 / knight(02) / ... para top(01)
Mensaje X / 00:02:25:000 / top(01) / din /     49.00000 para dragon(06)
Mensaje X / 00:02:25:000 / dragon(06) / in /     49.00000 para ddecision(07)
Mensaje D / 00:02:25:000 / ddecision(07) / 00:00:00:000 para dragon(06)
Mensaje D / 00:02:25:000 / dragon(06) / 00:00:00:000 para top(01)
Mensaje D / 00:02:25:000 / top(01) / 00:00:00:000 para Root(00)
Mensaje * / 00:02:25:000 / Root(00) para top(01)
Mensaje * / 00:02:25:000 / top(01) para dragon(06)
Mensaje * / 00:02:25:000 / dragon(06) para ddecision(07)
Mensaje Y / 00:02:25:000 / ddecision(07) / out /     49.00000 para dragon(06)
Mensaje D / 00:02:25:000 / ddecision(07) / ... para dragon(06)
Mensaje X / 00:02:25:000 / dragon(06) / in /     49.00000 para dattack(08)
Mensaje X / 00:02:25:000 / dragon(06) / in /     49.00000 para dmove(09)
Mensaje D / 00:02:25:000 / dattack(08) / ... para dragon(06)
Mensaje D / 00:02:25:000 / dmove(09) / 00:00:05:000 para dragon(06)
Mensaje D / 00:02:25:000 / dragon(06) / 00:00:05:000 para top(01)
Mensaje D / 00:02:25:000 / top(01) / 00:00:05:000 para Root(00)
Mensaje * / 00:02:30:000 / Root(00) para top(01)
Mensaje * / 00:02:30:000 / top(01) para dragon(06)
Mensaje * / 00:02:30:000 / dragon(06) para dmove(09)
Mensaje Y / 00:02:30:000 / dmove(09) / out /     49.00000 para dragon(06)
Mensaje D / 00:02:30:000 / dmove(09) / ... para dragon(06)
Mensaje Y / 00:02:30:000 / dragon(06) / dout /     49.00000 para top(01)
Mensaje D / 00:02:30:000 / dragon(06) / ... para top(01)
Mensaje Y / 00:02:30:000 / top(01) / battleout /     49.00000 para Root(00)
Mensaje X / 00:02:30:000 / top(01) / kin /     49.00000 para knight(02)
Mensaje X / 00:02:30:000 / knight(02) / in /     49.00000 para kdecision(03)
Mensaje D / 00:02:30:000 / kdecision(03) / 00:00:00:000 para knight(02)
Mensaje D / 00:02:30:000 / knight(02) / 00:00:00:000 para top(01)
Mensaje D / 00:02:30:000 / top(01) / 00:00:00:000 para Root(00)
Mensaje * / 00:02:30:000 / Root(00) para top(01)
Mensaje * / 00:02:30:000 / top(01) para knight(02)
Mensaje * / 00:02:30:000 / knight(02) para kdecision(03)
Mensaje Y / 00:02:30:000 / kdecision(03) / out /    -49.00000 para knight(02)
Mensaje D / 00:02:30:000 / kdecision(03) / ... para knight(02)
Mensaje X / 00:02:30:000 / knight(02) / in /    -49.00000 para kattack(04)
Mensaje X / 00:02:30:000 / knight(02) / in /    -49.00000 para kmove(05)
Mensaje D / 00:02:30:000 / kattack(04) / 00:00:10:000 para knight(02)
Mensaje D / 00:02:30:000 / kmove(05) / ... para knight(02)
Mensaje D / 00:02:30:000 / knight(02) / 00:00:10:000 para top(01)
Mensaje D / 00:02:30:000 / top(01) / 00:00:10:000 para Root(00)
Mensaje * / 00:02:40:000 / Root(00) para top(01)
Mensaje * / 00:02:40:000 / top(01) para knight(02)
Mensaje * / 00:02:40:000 / knight(02) para kattack(04)
Mensaje Y / 00:02:40:000 / kattack(04) / out /     -5.00000 para knight(02)
Mensaje D / 00:02:40:000 / kattack(04) / ... para knight(02)
Mensaje Y / 00:02:40:000 / knight(02) / kout /     -5.00000 para top(01)
Mensaje D / 00:02:40:000 / knight(02) / ... para top(01)
Mensaje X / 00:02:40:000 / top(01) / din /     -5.00000 para dragon(06)
Mensaje X / 00:02:40:000 / dragon(06) / in /     -5.00000 para ddecision(07)
Mensaje D / 00:02:40:000 / ddecision(07) / 00:00:00:000 para dragon(06)
Mensaje D / 00:02:40:000 / dragon(06) / 00:00:00:000 para top(01)
Mensaje D / 00:02:40:000 / top(01) / 00:00:00:000 para Root(00)
Mensaje * / 00:02:40:000 / Root(00) para top(01)
Mensaje * / 00:02:40:000 / top(01) para dragon(06)
Mensaje * / 00:02:40:000 / dragon(06) para ddecision(07)
Mensaje Y / 00:02:40:000 / ddecision(07) / out /     49.00000 para dragon(06)
Mensaje D / 00:02:40:000 / ddecision(07) / ... para dragon(06)
Mensaje X / 00:02:40:000 / dragon(06) / in /     49.00000 para dattack(08)
Mensaje X / 00:02:40:000 / dragon(06) / in /     49.00000 para dmove(09)
Mensaje D / 00:02:40:000 / dattack(08) / ... para dragon(06)
Mensaje D / 00:02:40:000 / dmove(09) / 00:00:05:000 para dragon(06)
Mensaje D / 00:02:40:000 / dragon(06) / 00:00:05:000 para top(01)
Mensaje D / 00:02:40:000 / top(01) / 00:00:05:000 para Root(00)
Mensaje * / 00:02:45:000 / Root(00) para top(01)
Mensaje * / 00:02:45:000 / top(01) para dragon(06)
Mensaje * / 00:02:45:000 / dragon(06) para dmove(09)
Mensaje Y / 00:02:45:000 / dmove(09) / out /     41.00000 para dragon(06)
Mensaje D / 00:02:45:000 / dmove(09) / ... para dragon(06)
Mensaje Y / 00:02:45:000 / dragon(06) / dout /     41.00000 para top(01)
Mensaje D / 00:02:45:000 / dragon(06) / ... para top(01)
Mensaje Y / 00:02:45:000 / top(01) / battleout /     41.00000 para Root(00)
Mensaje X / 00:02:45:000 / top(01) / kin /     41.00000 para knight(02)
Mensaje X / 00:02:45:000 / knight(02) / in /     41.00000 para kdecision(03)
Mensaje D / 00:02:45:000 / kdecision(03) / 00:00:00:000 para knight(02)
Mensaje D / 00:02:45:000 / knight(02) / 00:00:00:000 para top(01)
Mensaje D / 00:02:45:000 / top(01) / 00:00:00:000 para Root(00)
Mensaje * / 00:02:45:000 / Root(00) para top(01)
Mensaje * / 00:02:45:000 / top(01) para knight(02)
Mensaje * / 00:02:45:000 / knight(02) para kdecision(03)
Mensaje Y / 00:02:45:000 / kdecision(03) / out /    -41.00000 para knight(02)
Mensaje D / 00:02:45:000 / kdecision(03) / ... para knight(02)
Mensaje X / 00:02:45:000 / knight(02) / in /    -41.00000 para kattack(04)
Mensaje X / 00:02:45:000 / knight(02) / in /    -41.00000 para kmove(05)
Mensaje D / 00:02:45:000 / kattack(04) / 00:00:10:000 para knight(02)
Mensaje D / 00:02:45:000 / kmove(05) / ... para knight(02)
Mensaje D / 00:02:45:000 / knight(02) / 00:00:10:000 para top(01)
Mensaje D / 00:02:45:000 / top(01) / 00:00:10:000 para Root(00)
Mensaje * / 00:02:55:000 / Root(00) para top(01)
Mensaje * / 00:02:55:000 / top(01) para knight(02)
Mensaje * / 00:02:55:000 / knight(02) para kattack(04)
Mensaje Y / 00:02:55:000 / kattack(04) / out /     -5.00000 para knight(02)
Mensaje D / 00:02:55:000 / kattack(04) / ... para knight(02)
Mensaje Y / 00:02:55:000 / knight(02) / kout /     -5.00000 para top(01)
Mensaje D / 00:02:55:000 / knight(02) / ... para top(01)
Mensaje X / 00:02:55:000 / top(01) / din /     -5.00000 para dragon(06)
Mensaje X / 00:02:55:000 / dragon(06) / in /     -5.00000 para ddecision(07)
Mensaje D / 00:02:55:000 / ddecision(07) / 00:00:00:000 para dragon(06)
Mensaje D / 00:02:55:000 / dragon(06) / 00:00:00:000 para top(01)
Mensaje D / 00:02:55:000 / top(01) / 00:00:00:000 para Root(00)
Mensaje * / 00:02:55:000 / Root(00) para top(01)
Mensaje * / 00:02:55:000 / top(01) para dragon(06)
Mensaje * / 00:02:55:000 / dragon(06) para ddecision(07)
Mensaje Y / 00:02:55:000 / ddecision(07) / out /     49.00000 para dragon(06)
Mensaje D / 00:02:55:000 / ddecision(07) / ... para dragon(06)
Mensaje X / 00:02:55:000 / dragon(06) / in /     49.00000 para dattack(08)
Mensaje X / 00:02:55:000 / dragon(06) / in /     49.00000 para dmove(09)
Mensaje D / 00:02:55:000 / dattack(08) / ... para dragon(06)
Mensaje D / 00:02:55:000 / dmove(09) / 00:00:05:000 para dragon(06)
Mensaje D / 00:02:55:000 / dragon(06) / 00:00:05:000 para top(01)
Mensaje D / 00:02:55:000 / top(01) / 00:00:05:000 para Root(00)
Mensaje * / 00:03:00:000 / Root(00) para top(01)
Mensaje * / 00:03:00:000 / top(01) para dragon(06)
Mensaje * / 00:03:00:000 / dragon(06) para dmove(09)
Mensaje Y / 00:03:00:000 / dmove(09) / out /     57.00000 para dragon(06)
Mensaje D / 00:03:00:000 / dmove(09) / ... para dragon(06)
Mensaje Y / 00:03:00:000 / dragon(06) / dout /     57.00000 para top(01)
Mensaje D / 00:03:00:000 / dragon(06) / ... para top(01)
Mensaje Y / 00:03:00:000 / top(01) / battleout /     57.00000 para Root(00)
Mensaje X / 00:03:00:000 / top(01) / kin /     57.00000 para knight(02)
Mensaje X / 00:03:00:000 / knight(02) / in /     57.00000 para kdecision(03)
Mensaje D / 00:03:00:000 / kdecision(03) / 00:00:00:000 para knight(02)
Mensaje D / 00:03:00:000 / knight(02) / 00:00:00:000 para top(01)
Mensaje D / 00:03:00:000 / top(01) / 00:00:00:000 para Root(00)
Mensaje * / 00:03:00:000 / Root(00) para top(01)
Mensaje * / 00:03:00:000 / top(01) para knight(02)
Mensaje * / 00:03:00:000 / knight(02) para kdecision(03)
Mensaje Y / 00:03:00:000 / kdecision(03) / out /     57.00000 para knight(02)
Mensaje D / 00:03:00:000 / kdecision(03) / ... para knight(02)
Mensaje X / 00:03:00:000 / knight(02) / in /     57.00000 para kattack(04)
Mensaje X / 00:03:00:000 / knight(02) / in /     57.00000 para kmove(05)
Mensaje D / 00:03:00:000 / kattack(04) / ... para knight(02)
Mensaje D / 00:03:00:000 / kmove(05) / 00:00:05:000 para knight(02)
Mensaje D / 00:03:00:000 / knight(02) / 00:00:05:000 para top(01)
Mensaje D / 00:03:00:000 / top(01) / 00:00:05:000 para Root(00)
Mensaje * / 00:03:05:000 / Root(00) para top(01)
Mensaje * / 00:03:05:000 / top(01) para knight(02)
Mensaje * / 00:03:05:000 / knight(02) para kmove(05)
Mensaje Y / 00:03:05:000 / kmove(05) / out /     53.00000 para knight(02)
Mensaje D / 00:03:05:000 / kmove(05) / ... para knight(02)
Mensaje Y / 00:03:05:000 / knight(02) / kout /     53.00000 para top(01)
Mensaje D / 00:03:05:000 / knight(02) / ... para top(01)
Mensaje X / 00:03:05:000 / top(01) / din /     53.00000 para dragon(06)
Mensaje X / 00:03:05:000 / dragon(06) / in /     53.00000 para ddecision(07)
Mensaje D / 00:03:05:000 / ddecision(07) / 00:00:00:000 para dragon(06)
Mensaje D / 00:03:05:000 / dragon(06) / 00:00:00:000 para top(01)
Mensaje D / 00:03:05:000 / top(01) / 00:00:00:000 para Root(00)
Mensaje * / 00:03:05:000 / Root(00) para top(01)
Mensaje * / 00:03:05:000 / top(01) para dragon(06)
Mensaje * / 00:03:05:000 / dragon(06) para ddecision(07)
Mensaje Y / 00:03:05:000 / ddecision(07) / out /     53.00000 para dragon(06)
Mensaje D / 00:03:05:000 / ddecision(07) / ... para dragon(06)
Mensaje X / 00:03:05:000 / dragon(06) / in /     53.00000 para dattack(08)
Mensaje X / 00:03:05:000 / dragon(06) / in /     53.00000 para dmove(09)
Mensaje D / 00:03:05:000 / dattack(08) / ... para dragon(06)
Mensaje D / 00:03:05:000 / dmove(09) / 00:00:05:000 para dragon(06)
Mensaje D / 00:03:05:000 / dragon(06) / 00:00:05:000 para top(01)
Mensaje D / 00:03:05:000 / top(01) / 00:00:05:000 para Root(00)
Mensaje * / 00:03:10:000 / Root(00) para top(01)
Mensaje * / 00:03:10:000 / top(01) para dragon(06)
Mensaje * / 00:03:10:000 / dragon(06) para dmove(09)
Mensaje Y / 00:03:10:000 / dmove(09) / out /     53.00000 para dragon(06)
Mensaje D / 00:03:10:000 / dmove(09) / ... para dragon(06)
Mensaje Y / 00:03:10:000 / dragon(06) / dout /     53.00000 para top(01)
Mensaje D / 00:03:10:000 / dragon(06) / ... para top(01)
Mensaje Y / 00:03:10:000 / top(01) / battleout /     53.00000 para Root(00)
Mensaje X / 00:03:10:000 / top(01) / kin /     53.00000 para knight(02)
Mensaje X / 00:03:10:000 / knight(02) / in /     53.00000 para kdecision(03)
Mensaje D / 00:03:10:000 / kdecision(03) / 00:00:00:000 para knight(02)
Mensaje D / 00:03:10:000 / knight(02) / 00:00:00:000 para top(01)
Mensaje D / 00:03:10:000 / top(01) / 00:00:00:000 para Root(00)
Mensaje * / 00:03:10:000 / Root(00) para top(01)
Mensaje * / 00:03:10:000 / top(01) para knight(02)
Mensaje * / 00:03:10:000 / knight(02) para kdecision(03)
Mensaje Y / 00:03:10:000 / kdecision(03) / out /     53.00000 para knight(02)
Mensaje D / 00:03:10:000 / kdecision(03) / ... para knight(02)
Mensaje X / 00:03:10:000 / knight(02) / in /     53.00000 para kattack(04)
Mensaje X / 00:03:10:000 / knight(02) / in /     53.00000 para kmove(05)
Mensaje D / 00:03:10:000 / kattack(04) / ... para knight(02)
Mensaje D / 00:03:10:000 / kmove(05) / 00:00:05:000 para knight(02)
Mensaje D / 00:03:10:000 / knight(02) / 00:00:05:000 para top(01)
Mensaje D / 00:03:10:000 / top(01) / 00:00:05:000 para Root(00)
Mensaje * / 00:03:15:000 / Root(00) para top(01)
Mensaje * / 00:03:15:000 / top(01) para knight(02)
Mensaje * / 00:03:15:000 / knight(02) para kmove(05)
Mensaje Y / 00:03:15:000 / kmove(05) / out /     49.00000 para knight(02)
Mensaje D / 00:03:15:000 / kmove(05) / ... para knight(02)
Mensaje Y / 00:03:15:000 / knight(02) / kout /     49.00000 para top(01)
Mensaje D / 00:03:15:000 / knight(02) / ... para top(01)
Mensaje X / 00:03:15:000 / top(01) / din /     49.00000 para dragon(06)
Mensaje X / 00:03:15:000 / dragon(06) / in /     49.00000 para ddecision(07)
Mensaje D / 00:03:15:000 / ddecision(07) / 00:00:00:000 para dragon(06)
Mensaje D / 00:03:15:000 / dragon(06) / 00:00:00:000 para top(01)
Mensaje D / 00:03:15:000 / top(01) / 00:00:00:000 para Root(00)
Mensaje * / 00:03:15:000 / Root(00) para top(01)
Mensaje * / 00:03:15:000 / top(01) para dragon(06)
Mensaje * / 00:03:15:000 / dragon(06) para ddecision(07)
Mensaje Y / 00:03:15:000 / ddecision(07) / out /     49.00000 para dragon(06)
Mensaje D / 00:03:15:000 / ddecision(07) / ... para dragon(06)
Mensaje X / 00:03:15:000 / dragon(06) / in /     49.00000 para dattack(08)
Mensaje X / 00:03:15:000 / dragon(06) / in /     49.00000 para dmove(09)
Mensaje D / 00:03:15:000 / dattack(08) / ... para dragon(06)
Mensaje D / 00:03:15:000 / dmove(09) / 00:00:05:000 para dragon(06)
Mensaje D / 00:03:15:000 / dragon(06) / 00:00:05:000 para top(01)
Mensaje D / 00:03:15:000 / top(01) / 00:00:05:000 para Root(00)
Mensaje * / 00:03:20:000 / Root(00) para top(01)
Mensaje * / 00:03:20:000 / top(01) para dragon(06)
Mensaje * / 00:03:20:000 / dragon(06) para dmove(09)
Mensaje Y / 00:03:20:000 / dmove(09) / out /     49.00000 para dragon(06)
Mensaje D / 00:03:20:000 / dmove(09) / ... para dragon(06)
Mensaje Y / 00:03:20:000 / dragon(06) / dout /     49.00000 para top(01)
Mensaje D / 00:03:20:000 / dragon(06) / ... para top(01)
Mensaje Y / 00:03:20:000 / top(01) / battleout /     49.00000 para Root(00)
Mensaje X / 00:03:20:000 / top(01) / kin /     49.00000 para knight(02)
Mensaje X / 00:03:20:000 / knight(02) / in /     49.00000 para kdecision(03)
Mensaje D / 00:03:20:000 / kdecision(03) / 00:00:00:000 para knight(02)
Mensaje D / 00:03:20:000 / knight(02) / 00:00:00:000 para top(01)
Mensaje D / 00:03:20:000 / top(01) / 00:00:00:000 para Root(00)
Mensaje * / 00:03:20:000 / Root(00) para top(01)
Mensaje * / 00:03:20:000 / top(01) para knight(02)
Mensaje * / 00:03:20:000 / knight(02) para kdecision(03)
Mensaje Y / 00:03:20:000 / kdecision(03) / out /    -49.00000 para knight(02)
Mensaje D / 00:03:20:000 / kdecision(03) / ... para knight(02)
Mensaje X / 00:03:20:000 / knight(02) / in /    -49.00000 para kattack(04)
Mensaje X / 00:03:20:000 / knight(02) / in /    -49.00000 para kmove(05)
Mensaje D / 00:03:20:000 / kattack(04) / 00:00:10:000 para knight(02)
Mensaje D / 00:03:20:000 / kmove(05) / ... para knight(02)
Mensaje D / 00:03:20:000 / knight(02) / 00:00:10:000 para top(01)
Mensaje D / 00:03:20:000 / top(01) / 00:00:10:000 para Root(00)
Mensaje * / 00:03:30:000 / Root(00) para top(01)
Mensaje * / 00:03:30:000 / top(01) para knight(02)
Mensaje * / 00:03:30:000 / knight(02) para kattack(04)
Mensaje Y / 00:03:30:000 / kattack(04) / out /     -5.00000 para knight(02)
Mensaje D / 00:03:30:000 / kattack(04) / ... para knight(02)
Mensaje Y / 00:03:30:000 / knight(02) / kout /     -5.00000 para top(01)
Mensaje D / 00:03:30:000 / knight(02) / ... para top(01)
Mensaje X / 00:03:30:000 / top(01) / din /     -5.00000 para dragon(06)
Mensaje X / 00:03:30:000 / dragon(06) / in /     -5.00000 para ddecision(07)
Mensaje D / 00:03:30:000 / ddecision(07) / 00:00:00:000 para dragon(06)
Mensaje D / 00:03:30:000 / dragon(06) / 00:00:00:000 para top(01)
Mensaje D / 00:03:30:000 / top(01) / 00:00:00:000 para Root(00)
Mensaje * / 00:03:30:000 / Root(00) para top(01)
Mensaje * / 00:03:30:000 / top(01) para dragon(06)
Mensaje * / 00:03:30:000 / dragon(06) para ddecision(07)
Mensaje Y / 00:03:30:000 / ddecision(07) / out /     49.00000 para dragon(06)
Mensaje D / 00:03:30:000 / ddecision(07) / ... para dragon(06)
Mensaje X / 00:03:30:000 / dragon(06) / in /     49.00000 para dattack(08)
Mensaje X / 00:03:30:000 / dragon(06) / in /     49.00000 para dmove(09)
Mensaje D / 00:03:30:000 / dattack(08) / ... para dragon(06)
Mensaje D / 00:03:30:000 / dmove(09) / 00:00:05:000 para dragon(06)
Mensaje D / 00:03:30:000 / dragon(06) / 00:00:05:000 para top(01)
Mensaje D / 00:03:30:000 / top(01) / 00:00:05:000 para Root(00)
Mensaje * / 00:03:35:000 / Root(00) para top(01)
Mensaje * / 00:03:35:000 / top(01) para dragon(06)
Mensaje * / 00:03:35:000 / dragon(06) para dmove(09)
Mensaje Y / 00:03:35:000 / dmove(09) / out /     57.00000 para dragon(06)
Mensaje D / 00:03:35:000 / dmove(09) / ... para dragon(06)
Mensaje Y / 00:03:35:000 / dragon(06) / dout /     57.00000 para top(01)
Mensaje D / 00:03:35:000 / dragon(06) / ... para top(01)
Mensaje Y / 00:03:35:000 / top(01) / battleout /     57.00000 para Root(00)
Mensaje X / 00:03:35:000 / top(01) / kin /     57.00000 para knight(02)
Mensaje X / 00:03:35:000 / knight(02) / in /     57.00000 para kdecision(03)
Mensaje D / 00:03:35:000 / kdecision(03) / 00:00:00:000 para knight(02)
Mensaje D / 00:03:35:000 / knight(02) / 00:00:00:000 para top(01)
Mensaje D / 00:03:35:000 / top(01) / 00:00:00:000 para Root(00)
Mensaje * / 00:03:35:000 / Root(00) para top(01)
Mensaje * / 00:03:35:000 / top(01) para knight(02)
Mensaje * / 00:03:35:000 / knight(02) para kdecision(03)
Mensaje Y / 00:03:35:000 / kdecision(03) / out /     57.00000 para knight(02)
Mensaje D / 00:03:35:000 / kdecision(03) / ... para knight(02)
Mensaje X / 00:03:35:000 / knight(02) / in /     57.00000 para kattack(04)
Mensaje X / 00:03:35:000 / knight(02) / in /     57.00000 para kmove(05)
Mensaje D / 00:03:35:000 / kattack(04) / ... para knight(02)
Mensaje D / 00:03:35:000 / kmove(05) / 00:00:05:000 para knight(02)
Mensaje D / 00:03:35:000 / knight(02) / 00:00:05:000 para top(01)
Mensaje D / 00:03:35:000 / top(01) / 00:00:05:000 para Root(00)
Mensaje * / 00:03:40:000 / Root(00) para top(01)
Mensaje * / 00:03:40:000 / top(01) para knight(02)
Mensaje * / 00:03:40:000 / knight(02) para kmove(05)
Mensaje Y / 00:03:40:000 / kmove(05) / out /     53.00000 para knight(02)
Mensaje D / 00:03:40:000 / kmove(05) / ... para knight(02)
Mensaje Y / 00:03:40:000 / knight(02) / kout /     53.00000 para top(01)
Mensaje D / 00:03:40:000 / knight(02) / ... para top(01)
Mensaje X / 00:03:40:000 / top(01) / din /     53.00000 para dragon(06)
Mensaje X / 00:03:40:000 / dragon(06) / in /     53.00000 para ddecision(07)
Mensaje D / 00:03:40:000 / ddecision(07) / 00:00:00:000 para dragon(06)
Mensaje D / 00:03:40:000 / dragon(06) / 00:00:00:000 para top(01)
Mensaje D / 00:03:40:000 / top(01) / 00:00:00:000 para Root(00)
Mensaje * / 00:03:40:000 / Root(00) para top(01)
Mensaje * / 00:03:40:000 / top(01) para dragon(06)
Mensaje * / 00:03:40:000 / dragon(06) para ddecision(07)
Mensaje Y / 00:03:40:000 / ddecision(07) / out /     53.00000 para dragon(06)
Mensaje D / 00:03:40:000 / ddecision(07) / ... para dragon(06)
Mensaje X / 00:03:40:000 / dragon(06) / in /     53.00000 para dattack(08)
Mensaje X / 00:03:40:000 / dragon(06) / in /     53.00000 para dmove(09)
Mensaje D / 00:03:40:000 / dattack(08) / ... para dragon(06)
Mensaje D / 00:03:40:000 / dmove(09) / 00:00:05:000 para dragon(06)
Mensaje D / 00:03:40:000 / dragon(06) / 00:00:05:000 para top(01)
Mensaje D / 00:03:40:000 / top(01) / 00:00:05:000 para Root(00)
Mensaje * / 00:03:45:000 / Root(00) para top(01)
Mensaje * / 00:03:45:000 / top(01) para dragon(06)
Mensaje * / 00:03:45:000 / dragon(06) para dmove(09)
Mensaje Y / 00:03:45:000 / dmove(09) / out /     53.00000 para dragon(06)
Mensaje D / 00:03:45:000 / dmove(09) / ... para dragon(06)
Mensaje Y / 00:03:45:000 / dragon(06) / dout /     53.00000 para top(01)
Mensaje D / 00:03:45:000 / dragon(06) / ... para top(01)
Mensaje Y / 00:03:45:000 / top(01) / battleout /     53.00000 para Root(00)
Mensaje X / 00:03:45:000 / top(01) / kin /     53.00000 para knight(02)
Mensaje X / 00:03:45:000 / knight(02) / in /     53.00000 para kdecision(03)
Mensaje D / 00:03:45:000 / kdecision(03) / 00:00:00:000 para knight(02)
Mensaje D / 00:03:45:000 / knight(02) / 00:00:00:000 para top(01)
Mensaje D / 00:03:45:000 / top(01) / 00:00:00:000 para Root(00)
Mensaje * / 00:03:45:000 / Root(00) para top(01)
Mensaje * / 00:03:45:000 / top(01) para knight(02)
Mensaje * / 00:03:45:000 / knight(02) para kdecision(03)
Mensaje Y / 00:03:45:000 / kdecision(03) / out /     53.00000 para knight(02)
Mensaje D / 00:03:45:000 / kdecision(03) / ... para knight(02)
Mensaje X / 00:03:45:000 / knight(02) / in /     53.00000 para kattack(04)
Mensaje X / 00:03:45:000 / knight(02) / in /     53.00000 para kmove(05)
Mensaje D / 00:03:45:000 / kattack(04) / ... para knight(02)
Mensaje D / 00:03:45:000 / kmove(05) / 00:00:05:000 para knight(02)
Mensaje D / 00:03:45:000 / knight(02) / 00:00:05:000 para top(01)
Mensaje D / 00:03:45:000 / top(01) / 00:00:05:000 para Root(00)
Mensaje * / 00:03:50:000 / Root(00) para top(01)
Mensaje * / 00:03:50:000 / top(01) para knight(02)
Mensaje * / 00:03:50:000 / knight(02) para kmove(05)
Mensaje Y / 00:03:50:000 / kmove(05) / out /     49.00000 para knight(02)
Mensaje D / 00:03:50:000 / kmove(05) / ... para knight(02)
Mensaje Y / 00:03:50:000 / knight(02) / kout /     49.00000 para top(01)
Mensaje D / 00:03:50:000 / knight(02) / ... para top(01)
Mensaje X / 00:03:50:000 / top(01) / din /     49.00000 para dragon(06)
Mensaje X / 00:03:50:000 / dragon(06) / in /     49.00000 para ddecision(07)
Mensaje D / 00:03:50:000 / ddecision(07) / 00:00:00:000 para dragon(06)
Mensaje D / 00:03:50:000 / dragon(06) / 00:00:00:000 para top(01)
Mensaje D / 00:03:50:000 / top(01) / 00:00:00:000 para Root(00)
Mensaje * / 00:03:50:000 / Root(00) para top(01)
Mensaje * / 00:03:50:000 / top(01) para dragon(06)
Mensaje * / 00:03:50:000 / dragon(06) para ddecision(07)
Mensaje Y / 00:03:50:000 / ddecision(07) / out /    -49.00000 para dragon(06)
Mensaje D / 00:03:50:000 / ddecision(07) / ... para dragon(06)
Mensaje X / 00:03:50:000 / dragon(06) / in /    -49.00000 para dattack(08)
Mensaje X / 00:03:50:000 / dragon(06) / in /    -49.00000 para dmove(09)
Mensaje D / 00:03:50:000 / dattack(08) / 00:00:10:000 para dragon(06)
Mensaje D / 00:03:50:000 / dmove(09) / ... para dragon(06)
Mensaje D / 00:03:50:000 / dragon(06) / 00:00:10:000 para top(01)
Mensaje D / 00:03:50:000 / top(01) / 00:00:10:000 para Root(00)
Mensaje * / 00:04:00:000 / Root(00) para top(01)
Mensaje * / 00:04:00:000 / top(01) para dragon(06)
Mensaje * / 00:04:00:000 / dragon(06) para dattack(08)
Mensaje Y / 00:04:00:000 / dattack(08) / out /    -10.00000 para dragon(06)
Mensaje D / 00:04:00:000 / dattack(08) / ... para dragon(06)
Mensaje Y / 00:04:00:000 / dragon(06) / dout /    -10.00000 para top(01)
Mensaje D / 00:04:00:000 / dragon(06) / ... para top(01)
Mensaje Y / 00:04:00:000 / top(01) / battleout /    -10.00000 para Root(00)
Mensaje X / 00:04:00:000 / top(01) / kin /    -10.00000 para knight(02)
Mensaje X / 00:04:00:000 / knight(02) / in /    -10.00000 para kdecision(03)
Mensaje D / 00:04:00:000 / kdecision(03) / 00:00:00:000 para knight(02)
Mensaje D / 00:04:00:000 / knight(02) / 00:00:00:000 para top(01)
Mensaje D / 00:04:00:000 / top(01) / 00:00:00:000 para Root(00)
Mensaje * / 00:04:00:000 / Root(00) para top(01)
Mensaje * / 00:04:00:000 / top(01) para knight(02)
Mensaje * / 00:04:00:000 / knight(02) para kdecision(03)
Mensaje Y / 00:04:00:000 / kdecision(03) / out /     53.00000 para knight(02)
Mensaje D / 00:04:00:000 / kdecision(03) / ... para knight(02)
Mensaje X / 00:04:00:000 / knight(02) / in /     53.00000 para kattack(04)
Mensaje X / 00:04:00:000 / knight(02) / in /     53.00000 para kmove(05)
Mensaje D / 00:04:00:000 / kattack(04) / ... para knight(02)
Mensaje D / 00:04:00:000 / kmove(05) / 00:00:05:000 para knight(02)
Mensaje D / 00:04:00:000 / knight(02) / 00:00:05:000 para top(01)
Mensaje D / 00:04:00:000 / top(01) / 00:00:05:000 para Root(00)
Mensaje * / 00:04:05:000 / Root(00) para top(01)
Mensaje * / 00:04:05:000 / top(01) para knight(02)
Mensaje * / 00:04:05:000 / knight(02) para kmove(05)
Mensaje Y / 00:04:05:000 / kmove(05) / out /     49.00000 para knight(02)
Mensaje D / 00:04:05:000 / kmove(05) / ... para knight(02)
Mensaje Y / 00:04:05:000 / knight(02) / kout /     49.00000 para top(01)
Mensaje D / 00:04:05:000 / knight(02) / ... para top(01)
Mensaje X / 00:04:05:000 / top(01) / din /     49.00000 para dragon(06)
Mensaje X / 00:04:05:000 / dragon(06) / in /     49.00000 para ddecision(07)
Mensaje D / 00:04:05:000 / ddecision(07) / 00:00:00:000 para dragon(06)
Mensaje D / 00:04:05:000 / dragon(06) / 00:00:00:000 para top(01)
Mensaje D / 00:04:05:000 / top(01) / 00:00:00:000 para Root(00)
Mensaje * / 00:04:05:000 / Root(00) para top(01)
Mensaje * / 00:04:05:000 / top(01) para dragon(06)
Mensaje * / 00:04:05:000 / dragon(06) para ddecision(07)
Mensaje Y / 00:04:05:000 / ddecision(07) / out /     49.00000 para dragon(06)
Mensaje D / 00:04:05:000 / ddecision(07) / ... para dragon(06)
Mensaje X / 00:04:05:000 / dragon(06) / in /     49.00000 para dattack(08)
Mensaje X / 00:04:05:000 / dragon(06) / in /     49.00000 para dmove(09)
Mensaje D / 00:04:05:000 / dattack(08) / ... para dragon(06)
Mensaje D / 00:04:05:000 / dmove(09) / 00:00:05:000 para dragon(06)
Mensaje D / 00:04:05:000 / dragon(06) / 00:00:05:000 para top(01)
Mensaje D / 00:04:05:000 / top(01) / 00:00:05:000 para Root(00)
Mensaje * / 00:04:10:000 / Root(00) para top(01)
Mensaje * / 00:04:10:000 / top(01) para dragon(06)
Mensaje * / 00:04:10:000 / dragon(06) para dmove(09)
Mensaje Y / 00:04:10:000 / dmove(09) / out /     41.00000 para dragon(06)
Mensaje D / 00:04:10:000 / dmove(09) / ... para dragon(06)
Mensaje Y / 00:04:10:000 / dragon(06) / dout /     41.00000 para top(01)
Mensaje D / 00:04:10:000 / dragon(06) / ... para top(01)
Mensaje Y / 00:04:10:000 / top(01) / battleout /     41.00000 para Root(00)
Mensaje X / 00:04:10:000 / top(01) / kin /     41.00000 para knight(02)
Mensaje X / 00:04:10:000 / knight(02) / in /     41.00000 para kdecision(03)
Mensaje D / 00:04:10:000 / kdecision(03) / 00:00:00:000 para knight(02)
Mensaje D / 00:04:10:000 / knight(02) / 00:00:00:000 para top(01)
Mensaje D / 00:04:10:000 / top(01) / 00:00:00:000 para Root(00)
Mensaje * / 00:04:10:000 / Root(00) para top(01)
Mensaje * / 00:04:10:000 / top(01) para knight(02)
Mensaje * / 00:04:10:000 / knight(02) para kdecision(03)
Mensaje Y / 00:04:10:000 / kdecision(03) / out /    -41.00000 para knight(02)
Mensaje D / 00:04:10:000 / kdecision(03) / ... para knight(02)
Mensaje X / 00:04:10:000 / knight(02) / in /    -41.00000 para kattack(04)
Mensaje X / 00:04:10:000 / knight(02) / in /    -41.00000 para kmove(05)
Mensaje D / 00:04:10:000 / kattack(04) / 00:00:10:000 para knight(02)
Mensaje D / 00:04:10:000 / kmove(05) / ... para knight(02)
Mensaje D / 00:04:10:000 / knight(02) / 00:00:10:000 para top(01)
Mensaje D / 00:04:10:000 / top(01) / 00:00:10:000 para Root(00)
Mensaje * / 00:04:20:000 / Root(00) para top(01)
Mensaje * / 00:04:20:000 / top(01) para knight(02)
Mensaje * / 00:04:20:000 / knight(02) para kattack(04)
Mensaje Y / 00:04:20:000 / kattack(04) / out /     -5.00000 para knight(02)
Mensaje D / 00:04:20:000 / kattack(04) / ... para knight(02)
Mensaje Y / 00:04:20:000 / knight(02) / kout /     -5.00000 para top(01)
Mensaje D / 00:04:20:000 / knight(02) / ... para top(01)
Mensaje X / 00:04:20:000 / top(01) / din /     -5.00000 para dragon(06)
Mensaje X / 00:04:20:000 / dragon(06) / in /     -5.00000 para ddecision(07)
Mensaje D / 00:04:20:000 / ddecision(07) / 00:00:00:000 para dragon(06)
Mensaje D / 00:04:20:000 / dragon(06) / 00:00:00:000 para top(01)
Mensaje D / 00:04:20:000 / top(01) / 00:00:00:000 para Root(00)
Mensaje * / 00:04:20:000 / Root(00) para top(01)
Mensaje * / 00:04:20:000 / top(01) para dragon(06)
Mensaje * / 00:04:20:000 / dragon(06) para ddecision(07)
Mensaje Y / 00:04:20:000 / ddecision(07) / out /     49.00000 para dragon(06)
Mensaje D / 00:04:20:000 / ddecision(07) / ... para dragon(06)
Mensaje X / 00:04:20:000 / dragon(06) / in /     49.00000 para dattack(08)
Mensaje X / 00:04:20:000 / dragon(06) / in /     49.00000 para dmove(09)
Mensaje D / 00:04:20:000 / dattack(08) / ... para dragon(06)
Mensaje D / 00:04:20:000 / dmove(09) / 00:00:05:000 para dragon(06)
Mensaje D / 00:04:20:000 / dragon(06) / 00:00:05:000 para top(01)
Mensaje D / 00:04:20:000 / top(01) / 00:00:05:000 para Root(00)
Mensaje * / 00:04:25:000 / Root(00) para top(01)
Mensaje * / 00:04:25:000 / top(01) para dragon(06)
Mensaje * / 00:04:25:000 / dragon(06) para dmove(09)
Mensaje Y / 00:04:25:000 / dmove(09) / out /     41.00000 para dragon(06)
Mensaje D / 00:04:25:000 / dmove(09) / ... para dragon(06)
Mensaje Y / 00:04:25:000 / dragon(06) / dout /     41.00000 para top(01)
Mensaje D / 00:04:25:000 / dragon(06) / ... para top(01)
Mensaje Y / 00:04:25:000 / top(01) / battleout /     41.00000 para Root(00)
Mensaje X / 00:04:25:000 / top(01) / kin /     41.00000 para knight(02)
Mensaje X / 00:04:25:000 / knight(02) / in /     41.00000 para kdecision(03)
Mensaje D / 00:04:25:000 / kdecision(03) / 00:00:00:000 para knight(02)
Mensaje D / 00:04:25:000 / knight(02) / 00:00:00:000 para top(01)
Mensaje D / 00:04:25:000 / top(01) / 00:00:00:000 para Root(00)
Mensaje * / 00:04:25:000 / Root(00) para top(01)
Mensaje * / 00:04:25:000 / top(01) para knight(02)
Mensaje * / 00:04:25:000 / knight(02) para kdecision(03)
Mensaje Y / 00:04:25:000 / kdecision(03) / out /    -41.00000 para knight(02)
Mensaje D / 00:04:25:000 / kdecision(03) / ... para knight(02)
Mensaje X / 00:04:25:000 / knight(02) / in /    -41.00000 para kattack(04)
Mensaje X / 00:04:25:000 / knight(02) / in /    -41.00000 para kmove(05)
Mensaje D / 00:04:25:000 / kattack(04) / 00:00:10:000 para knight(02)
Mensaje D / 00:04:25:000 / kmove(05) / ... para knight(02)
Mensaje D / 00:04:25:000 / knight(02) / 00:00:10:000 para top(01)
Mensaje D / 00:04:25:000 / top(01) / 00:00:10:000 para Root(00)
Mensaje * / 00:04:35:000 / Root(00) para top(01)
Mensaje * / 00:04:35:000 / top(01) para knight(02)
Mensaje * / 00:04:35:000 / knight(02) para kattack(04)
Mensaje Y / 00:04:35:000 / kattack(04) / out /     -5.00000 para knight(02)
Mensaje D / 00:04:35:000 / kattack(04) / ... para knight(02)
Mensaje Y / 00:04:35:000 / knight(02) / kout /     -5.00000 para top(01)
Mensaje D / 00:04:35:000 / knight(02) / ... para top(01)
Mensaje X / 00:04:35:000 / top(01) / din /     -5.00000 para dragon(06)
Mensaje X / 00:04:35:000 / dragon(06) / in /     -5.00000 para ddecision(07)
Mensaje D / 00:04:35:000 / ddecision(07) / 00:00:00:000 para dragon(06)
Mensaje D / 00:04:35:000 / dragon(06) / 00:00:00:000 para top(01)
Mensaje D / 00:04:35:000 / top(01) / 00:00:00:000 para Root(00)
Mensaje * / 00:04:35:000 / Root(00) para top(01)
Mensaje * / 00:04:35:000 / top(01) para dragon(06)
Mensaje * / 00:04:35:000 / dragon(06) para ddecision(07)
Mensaje Y / 00:04:35:000 / ddecision(07) / out /     49.00000 para dragon(06)
Mensaje D / 00:04:35:000 / ddecision(07) / ... para dragon(06)
Mensaje X / 00:04:35:000 / dragon(06) / in /     49.00000 para dattack(08)
Mensaje X / 00:04:35:000 / dragon(06) / in /     49.00000 para dmove(09)
Mensaje D / 00:04:35:000 / dattack(08) / ... para dragon(06)
Mensaje D / 00:04:35:000 / dmove(09) / 00:00:05:000 para dragon(06)
Mensaje D / 00:04:35:000 / dragon(06) / 00:00:05:000 para top(01)
Mensaje D / 00:04:35:000 / top(01) / 00:00:05:000 para Root(00)
Mensaje * / 00:04:40:000 / Root(00) para top(01)
Mensaje * / 00:04:40:000 / top(01) para dragon(06)
Mensaje * / 00:04:40:000 / dragon(06) para dmove(09)
Mensaje Y / 00:04:40:000 / dmove(09) / out /     57.00000 para dragon(06)
Mensaje D / 00:04:40:000 / dmove(09) / ... para dragon(06)
Mensaje Y / 00:04:40:000 / dragon(06) / dout /     57.00000 para top(01)
Mensaje D / 00:04:40:000 / dragon(06) / ... para top(01)
Mensaje Y / 00:04:40:000 / top(01) / battleout /     57.00000 para Root(00)
Mensaje X / 00:04:40:000 / top(01) / kin /     57.00000 para knight(02)
Mensaje X / 00:04:40:000 / knight(02) / in /     57.00000 para kdecision(03)
Mensaje D / 00:04:40:000 / kdecision(03) / 00:00:00:000 para knight(02)
Mensaje D / 00:04:40:000 / knight(02) / 00:00:00:000 para top(01)
Mensaje D / 00:04:40:000 / top(01) / 00:00:00:000 para Root(00)
Mensaje * / 00:04:40:000 / Root(00) para top(01)
Mensaje * / 00:04:40:000 / top(01) para knight(02)
Mensaje * / 00:04:40:000 / knight(02) para kdecision(03)
Mensaje Y / 00:04:40:000 / kdecision(03) / out /     57.00000 para knight(02)
Mensaje D / 00:04:40:000 / kdecision(03) / ... para knight(02)
Mensaje X / 00:04:40:000 / knight(02) / in /     57.00000 para kattack(04)
Mensaje X / 00:04:40:000 / knight(02) / in /     57.00000 para kmove(05)
Mensaje D / 00:04:40:000 / kattack(04) / ... para knight(02)
Mensaje D / 00:04:40:000 / kmove(05) / 00:00:05:000 para knight(02)
Mensaje D / 00:04:40:000 / knight(02) / 00:00:05:000 para top(01)
Mensaje D / 00:04:40:000 / top(01) / 00:00:05:000 para Root(00)
Mensaje * / 00:04:45:000 / Root(00) para top(01)
Mensaje * / 00:04:45:000 / top(01) para knight(02)
Mensaje * / 00:04:45:000 / knight(02) para kmove(05)
Mensaje Y / 00:04:45:000 / kmove(05) / out /     53.00000 para knight(02)
Mensaje D / 00:04:45:000 / kmove(05) / ... para knight(02)
Mensaje Y / 00:04:45:000 / knight(02) / kout /     53.00000 para top(01)
Mensaje D / 00:04:45:000 / knight(02) / ... para top(01)
Mensaje X / 00:04:45:000 / top(01) / din /     53.00000 para dragon(06)
Mensaje X / 00:04:45:000 / dragon(06) / in /     53.00000 para ddecision(07)
Mensaje D / 00:04:45:000 / ddecision(07) / 00:00:00:000 para dragon(06)
Mensaje D / 00:04:45:000 / dragon(06) / 00:00:00:000 para top(01)
Mensaje D / 00:04:45:000 / top(01) / 00:00:00:000 para Root(00)
Mensaje * / 00:04:45:000 / Root(00) para top(01)
Mensaje * / 00:04:45:000 / top(01) para dragon(06)
Mensaje * / 00:04:45:000 / dragon(06) para ddecision(07)
Mensaje Y / 00:04:45:000 / ddecision(07) / out /     53.00000 para dragon(06)
Mensaje D / 00:04:45:000 / ddecision(07) / ... para dragon(06)
Mensaje X / 00:04:45:000 / dragon(06) / in /     53.00000 para dattack(08)
Mensaje X / 00:04:45:000 / dragon(06) / in /     53.00000 para dmove(09)
Mensaje D / 00:04:45:000 / dattack(08) / ... para dragon(06)
Mensaje D / 00:04:45:000 / dmove(09) / 00:00:05:000 para dragon(06)
Mensaje D / 00:04:45:000 / dragon(06) / 00:00:05:000 para top(01)
Mensaje D / 00:04:45:000 / top(01) / 00:00:05:000 para Root(00)
Mensaje * / 00:04:50:000 / Root(00) para top(01)
Mensaje * / 00:04:50:000 / top(01) para dragon(06)
Mensaje * / 00:04:50:000 / dragon(06) para dmove(09)
Mensaje Y / 00:04:50:000 / dmove(09) / out /     61.00000 para dragon(06)
Mensaje D / 00:04:50:000 / dmove(09) / ... para dragon(06)
Mensaje Y / 00:04:50:000 / dragon(06) / dout /     61.00000 para top(01)
Mensaje D / 00:04:50:000 / dragon(06) / ... para top(01)
Mensaje Y / 00:04:50:000 / top(01) / battleout /     61.00000 para Root(00)
Mensaje X / 00:04:50:000 / top(01) / kin /     61.00000 para knight(02)
Mensaje X / 00:04:50:000 / knight(02) / in /     61.00000 para kdecision(03)
Mensaje D / 00:04:50:000 / kdecision(03) / 00:00:00:000 para knight(02)
Mensaje D / 00:04:50:000 / knight(02) / 00:00:00:000 para top(01)
Mensaje D / 00:04:50:000 / top(01) / 00:00:00:000 para Root(00)
Mensaje * / 00:04:50:000 / Root(00) para top(01)
Mensaje * / 00:04:50:000 / top(01) para knight(02)
Mensaje * / 00:04:50:000 / knight(02) para kdecision(03)
Mensaje Y / 00:04:50:000 / kdecision(03) / out /     61.00000 para knight(02)
Mensaje D / 00:04:50:000 / kdecision(03) / ... para knight(02)
Mensaje X / 00:04:50:000 / knight(02) / in /     61.00000 para kattack(04)
Mensaje X / 00:04:50:000 / knight(02) / in /     61.00000 para kmove(05)
Mensaje D / 00:04:50:000 / kattack(04) / ... para knight(02)
Mensaje D / 00:04:50:000 / kmove(05) / 00:00:05:000 para knight(02)
Mensaje D / 00:04:50:000 / knight(02) / 00:00:05:000 para top(01)
Mensaje D / 00:04:50:000 / top(01) / 00:00:05:000 para Root(00)
Mensaje * / 00:04:55:000 / Root(00) para top(01)
Mensaje * / 00:04:55:000 / top(01) para knight(02)
Mensaje * / 00:04:55:000 / knight(02) para kmove(05)
Mensaje Y / 00:04:55:000 / kmove(05) / out /     57.00000 para knight(02)
Mensaje D / 00:04:55:000 / kmove(05) / ... para knight(02)
Mensaje Y / 00:04:55:000 / knight(02) / kout /     57.00000 para top(01)
Mensaje D / 00:04:55:000 / knight(02) / ... para top(01)
Mensaje X / 00:04:55:000 / top(01) / din /     57.00000 para dragon(06)
Mensaje X / 00:04:55:000 / dragon(06) / in /     57.00000 para ddecision(07)
Mensaje D / 00:04:55:000 / ddecision(07) / 00:00:00:000 para dragon(06)
Mensaje D / 00:04:55:000 / dragon(06) / 00:00:00:000 para top(01)
Mensaje D / 00:04:55:000 / top(01) / 00:00:00:000 para Root(00)
Mensaje * / 00:04:55:000 / Root(00) para top(01)
Mensaje * / 00:04:55:000 / top(01) para dragon(06)
Mensaje * / 00:04:55:000 / dragon(06) para ddecision(07)
Mensaje Y / 00:04:55:000 / ddecision(07) / out /     57.00000 para dragon(06)
Mensaje D / 00:04:55:000 / ddecision(07) / ... para dragon(06)
Mensaje X / 00:04:55:000 / dragon(06) / in /     57.00000 para dattack(08)
Mensaje X / 00:04:55:000 / dragon(06) / in /     57.00000 para dmove(09)
Mensaje D / 00:04:55:000 / dattack(08) / ... para dragon(06)
Mensaje D / 00:04:55:000 / dmove(09) / 00:00:05:000 para dragon(06)
Mensaje D / 00:04:55:000 / dragon(06) / 00:00:05:000 para top(01)
Mensaje D / 00:04:55:000 / top(01) / 00:00:05:000 para Root(00)
Mensaje * / 00:05:00:000 / Root(00) para top(01)
Mensaje * / 00:05:00:000 / top(01) para dragon(06)
Mensaje * / 00:05:00:000 / dragon(06) para dmove(09)
Mensaje Y / 00:05:00:000 / dmove(09) / out /     65.00000 para dragon(06)
Mensaje D / 00:05:00:000 / dmove(09) / ... para dragon(06)
Mensaje Y / 00:05:00:000 / dragon(06) / dout /     65.00000 para top(01)
Mensaje D / 00:05:00:000 / dragon(06) / ... para top(01)
Mensaje Y / 00:05:00:000 / top(01) / battleout /     65.00000 para Root(00)
Mensaje X / 00:05:00:000 / top(01) / kin /     65.00000 para knight(02)
Mensaje X / 00:05:00:000 / knight(02) / in /     65.00000 para kdecision(03)
Mensaje D / 00:05:00:000 / kdecision(03) / 00:00:00:000 para knight(02)
Mensaje D / 00:05:00:000 / knight(02) / 00:00:00:000 para top(01)
Mensaje D / 00:05:00:000 / top(01) / 00:00:00:000 para Root(00)
Mensaje * / 00:05:00:000 / Root(00) para top(01)
Mensaje * / 00:05:00:000 / top(01) para knight(02)
Mensaje * / 00:05:00:000 / knight(02) para kdecision(03)
Mensaje Y / 00:05:00:000 / kdecision(03) / out /     65.00000 para knight(02)
Mensaje D / 00:05:00:000 / kdecision(03) / ... para knight(02)
Mensaje X / 00:05:00:000 / knight(02) / in /     65.00000 para kattack(04)
Mensaje X / 00:05:00:000 / knight(02) / in /     65.00000 para kmove(05)
Mensaje D / 00:05:00:000 / kattack(04) / ... para knight(02)
Mensaje D / 00:05:00:000 / kmove(05) / 00:00:05:000 para knight(02)
Mensaje D / 00:05:00:000 / knight(02) / 00:00:05:000 para top(01)
Mensaje D / 00:05:00:000 / top(01) / 00:00:05:000 para Root(00)
