Mensaje I / 00:00:00:000 / Root(00) para top(01)
Mensaje I / 00:00:00:000 / top(01) para dmove(02)
Mensaje D / 00:00:00:000 / dmove(02) / ... para top(01)
Mensaje D / 00:00:00:000 / top(01) / ... para Root(00)
Mensaje X / 00:00:00:000 / Root(00) / in /     85.00000 para top(01)
Mensaje X / 00:00:00:000 / top(01) / in /     85.00000 para dmove(02)
Mensaje D / 00:00:00:000 / dmove(02) / 00:00:05:000 para top(01)
Mensaje D / 00:00:00:000 / top(01) / 00:00:05:000 para Root(00)
Mensaje * / 00:00:05:000 / Root(00) para top(01)
Mensaje * / 00:00:05:000 / top(01) para dmove(02)
Mensaje Y / 00:00:05:000 / dmove(02) / out /     77.00000 para top(01)
Mensaje D / 00:00:05:000 / dmove(02) / ... para top(01)
Mensaje Y / 00:00:05:000 / top(01) / out /     77.00000 para Root(00)
Mensaje D / 00:00:05:000 / top(01) / ... para Root(00)
Mensaje X / 00:00:10:000 / Root(00) / in /      5.00000 para top(01)
Mensaje X / 00:00:10:000 / top(01) / in /      5.00000 para dmove(02)
Mensaje D / 00:00:10:000 / dmove(02) / 00:00:05:000 para top(01)
Mensaje D / 00:00:10:000 / top(01) / 00:00:05:000 para Root(00)
Mensaje * / 00:00:15:000 / Root(00) para top(01)
Mensaje * / 00:00:15:000 / top(01) para dmove(02)
Mensaje Y / 00:00:15:000 / dmove(02) / out /      5.00000 para top(01)
Mensaje D / 00:00:15:000 / dmove(02) / ... para top(01)
Mensaje Y / 00:00:15:000 / top(01) / out /      5.00000 para Root(00)
Mensaje D / 00:00:15:000 / top(01) / ... para Root(00)
Mensaje X / 00:00:20:000 / Root(00) / in /     25.00000 para top(01)
Mensaje X / 00:00:20:000 / top(01) / in /     25.00000 para dmove(02)
Mensaje D / 00:00:20:000 / dmove(02) / 00:00:05:000 para top(01)
Mensaje D / 00:00:20:000 / top(01) / 00:00:05:000 para Root(00)
Mensaje * / 00:00:25:000 / Root(00) para top(01)
Mensaje * / 00:00:25:000 / top(01) para dmove(02)
Mensaje Y / 00:00:25:000 / dmove(02) / out /     25.00000 para top(01)
Mensaje D / 00:00:25:000 / dmove(02) / ... para top(01)
Mensaje Y / 00:00:25:000 / top(01) / out /     25.00000 para Root(00)
Mensaje D / 00:00:25:000 / top(01) / ... para Root(00)
Mensaje X / 00:00:30:000 / Root(00) / in /     35.00000 para top(01)
Mensaje X / 00:00:30:000 / top(01) / in /     35.00000 para dmove(02)
Mensaje D / 00:00:30:000 / dmove(02) / 00:00:05:000 para top(01)
Mensaje D / 00:00:30:000 / top(01) / 00:00:05:000 para Root(00)
Mensaje * / 00:00:35:000 / Root(00) para top(01)
Mensaje * / 00:00:35:000 / top(01) para dmove(02)
Mensaje Y / 00:00:35:000 / dmove(02) / out /     43.00000 para top(01)
Mensaje D / 00:00:35:000 / dmove(02) / ... para top(01)
Mensaje Y / 00:00:35:000 / top(01) / out /     43.00000 para Root(00)
Mensaje D / 00:00:35:000 / top(01) / ... para Root(00)
Mensaje X / 00:00:40:000 / Root(00) / in /     25.00000 para top(01)
Mensaje X / 00:00:40:000 / top(01) / in /     25.00000 para dmove(02)
Mensaje D / 00:00:40:000 / dmove(02) / 00:00:05:000 para top(01)
Mensaje D / 00:00:40:000 / top(01) / 00:00:05:000 para Root(00)
Mensaje * / 00:00:45:000 / Root(00) para top(01)
Mensaje * / 00:00:45:000 / top(01) para dmove(02)
Mensaje Y / 00:00:45:000 / dmove(02) / out /     25.00000 para top(01)
Mensaje D / 00:00:45:000 / dmove(02) / ... para top(01)
Mensaje Y / 00:00:45:000 / top(01) / out /     25.00000 para Root(00)
Mensaje D / 00:00:45:000 / top(01) / ... para Root(00)
Mensaje X / 00:00:50:000 / Root(00) / in /     45.00000 para top(01)
Mensaje X / 00:00:50:000 / top(01) / in /     45.00000 para dmove(02)
Mensaje D / 00:00:50:000 / dmove(02) / 00:00:05:000 para top(01)
Mensaje D / 00:00:50:000 / top(01) / 00:00:05:000 para Root(00)
Mensaje * / 00:00:55:000 / Root(00) para top(01)
Mensaje * / 00:00:55:000 / top(01) para dmove(02)
Mensaje Y / 00:00:55:000 / dmove(02) / out /     37.00000 para top(01)
Mensaje D / 00:00:55:000 / dmove(02) / ... para top(01)
Mensaje Y / 00:00:55:000 / top(01) / out /     37.00000 para Root(00)
Mensaje D / 00:00:55:000 / top(01) / ... para Root(00)
Mensaje X / 00:01:00:000 / Root(00) / in /     55.00000 para top(01)
Mensaje X / 00:01:00:000 / top(01) / in /     55.00000 para dmove(02)
Mensaje D / 00:01:00:000 / dmove(02) / 00:00:05:000 para top(01)
Mensaje D / 00:01:00:000 / top(01) / 00:00:05:000 para Root(00)
Mensaje * / 00:01:05:000 / Root(00) para top(01)
Mensaje * / 00:01:05:000 / top(01) para dmove(02)
Mensaje Y / 00:01:05:000 / dmove(02) / out /     55.00000 para top(01)
Mensaje D / 00:01:05:000 / dmove(02) / ... para top(01)
Mensaje Y / 00:01:05:000 / top(01) / out /     55.00000 para Root(00)
Mensaje D / 00:01:05:000 / top(01) / ... para Root(00)
Mensaje X / 00:01:10:000 / Root(00) / in /     60.00000 para top(01)
Mensaje X / 00:01:10:000 / top(01) / in /     60.00000 para dmove(02)
Mensaje D / 00:01:10:000 / dmove(02) / 00:00:05:000 para top(01)
Mensaje D / 00:01:10:000 / top(01) / 00:00:05:000 para Root(00)
Mensaje * / 00:01:15:000 / Root(00) para top(01)
Mensaje * / 00:01:15:000 / top(01) para dmove(02)
Mensaje Y / 00:01:15:000 / dmove(02) / out /     52.00000 para top(01)
Mensaje D / 00:01:15:000 / dmove(02) / ... para top(01)
Mensaje Y / 00:01:15:000 / top(01) / out /     52.00000 para Root(00)
Mensaje D / 00:01:15:000 / top(01) / ... para Root(00)
Mensaje X / 00:01:20:000 / Root(00) / in /     57.00000 para top(01)
Mensaje X / 00:01:20:000 / top(01) / in /     57.00000 para dmove(02)
Mensaje D / 00:01:20:000 / dmove(02) / 00:00:05:000 para top(01)
Mensaje D / 00:01:20:000 / top(01) / 00:00:05:000 para Root(00)
Mensaje * / 00:01:25:000 / Root(00) para top(01)
Mensaje * / 00:01:25:000 / top(01) para dmove(02)
Mensaje Y / 00:01:25:000 / dmove(02) / out /     49.00000 para top(01)
Mensaje D / 00:01:25:000 / dmove(02) / ... para top(01)
Mensaje Y / 00:01:25:000 / top(01) / out /     49.00000 para Root(00)
Mensaje D / 00:01:25:000 / top(01) / ... para Root(00)
Mensaje X / 00:01:30:000 / Root(00) / in /     30.00000 para top(01)
Mensaje X / 00:01:30:000 / top(01) / in /     30.00000 para dmove(02)
Mensaje D / 00:01:30:000 / dmove(02) / 00:00:05:000 para top(01)
Mensaje D / 00:01:30:000 / top(01) / 00:00:05:000 para Root(00)
Mensaje * / 00:01:35:000 / Root(00) para top(01)
Mensaje * / 00:01:35:000 / top(01) para dmove(02)
Mensaje Y / 00:01:35:000 / dmove(02) / out /     30.00000 para top(01)
Mensaje D / 00:01:35:000 / dmove(02) / ... para top(01)
Mensaje Y / 00:01:35:000 / top(01) / out /     30.00000 para Root(00)
Mensaje D / 00:01:35:000 / top(01) / ... para Root(00)
Mensaje X / 00:01:40:000 / Root(00) / in /     20.00000 para top(01)
Mensaje X / 00:01:40:000 / top(01) / in /     20.00000 para dmove(02)
Mensaje D / 00:01:40:000 / dmove(02) / 00:00:05:000 para top(01)
Mensaje D / 00:01:40:000 / top(01) / 00:00:05:000 para Root(00)
Mensaje * / 00:01:45:000 / Root(00) para top(01)
Mensaje * / 00:01:45:000 / top(01) para dmove(02)
Mensaje Y / 00:01:45:000 / dmove(02) / out /     28.00000 para top(01)
Mensaje D / 00:01:45:000 / dmove(02) / ... para top(01)
Mensaje Y / 00:01:45:000 / top(01) / out /     28.00000 para Root(00)
Mensaje D / 00:01:45:000 / top(01) / ... para Root(00)
Mensaje X / 00:01:50:000 / Root(00) / in /    -10.00000 para top(01)
Mensaje X / 00:01:50:000 / top(01) / in /    -10.00000 para dmove(02)
Mensaje D / 00:01:50:000 / dmove(02) / ... para top(01)
Mensaje D / 00:01:50:000 / top(01) / ... para Root(00)
