Mensaje I / 00:00:00:000 / Root(00) para top(01)
Mensaje I / 00:00:00:000 / top(01) para ddecision(02)
Mensaje I / 00:00:00:000 / top(01) para dmove(03)
Mensaje I / 00:00:00:000 / top(01) para dattack(04)
Mensaje D / 00:00:00:000 / ddecision(02) / ... para top(01)
Mensaje D / 00:00:00:000 / dmove(03) / ... para top(01)
Mensaje D / 00:00:00:000 / dattack(04) / ... para top(01)
Mensaje D / 00:00:00:000 / top(01) / ... para Root(00)
Mensaje X / 00:00:00:000 / Root(00) / din /     85.00000 para top(01)
Mensaje X / 00:00:00:000 / top(01) / in /     85.00000 para ddecision(02)
Mensaje D / 00:00:00:000 / ddecision(02) / 00:00:00:000 para top(01)
Mensaje D / 00:00:00:000 / top(01) / 00:00:00:000 para Root(00)
Mensaje * / 00:00:00:000 / Root(00) para top(01)
Mensaje * / 00:00:00:000 / top(01) para ddecision(02)
Mensaje Y / 00:00:00:000 / ddecision(02) / out /     85.00000 para top(01)
Mensaje D / 00:00:00:000 / ddecision(02) / ... para top(01)
Mensaje X / 00:00:00:000 / top(01) / in /     85.00000 para dmove(03)
Mensaje X / 00:00:00:000 / top(01) / in /     85.00000 para dattack(04)
Mensaje D / 00:00:00:000 / dmove(03) / 00:00:05:000 para top(01)
Mensaje D / 00:00:00:000 / dattack(04) / ... para top(01)
Mensaje D / 00:00:00:000 / top(01) / 00:00:05:000 para Root(00)
Mensaje * / 00:00:05:000 / Root(00) para top(01)
Mensaje * / 00:00:05:000 / top(01) para dmove(03)
Mensaje Y / 00:00:05:000 / dmove(03) / out /     85.00000 para top(01)
Mensaje D / 00:00:05:000 / dmove(03) / ... para top(01)
Mensaje Y / 00:00:05:000 / top(01) / dout /     85.00000 para Root(00)
Mensaje D / 00:00:05:000 / top(01) / ... para Root(00)
Mensaje X / 00:00:20:000 / Root(00) / din /     51.00000 para top(01)
Mensaje X / 00:00:20:000 / top(01) / in /     51.00000 para ddecision(02)
Mensaje D / 00:00:20:000 / ddecision(02) / 00:00:00:000 para top(01)
Mensaje D / 00:00:20:000 / top(01) / 00:00:00:000 para Root(00)
Mensaje * / 00:00:20:000 / Root(00) para top(01)
Mensaje * / 00:00:20:000 / top(01) para ddecision(02)
Mensaje Y / 00:00:20:000 / ddecision(02) / out /     51.00000 para top(01)
Mensaje D / 00:00:20:000 / ddecision(02) / ... para top(01)
Mensaje X / 00:00:20:000 / top(01) / in /     51.00000 para dmove(03)
Mensaje X / 00:00:20:000 / top(01) / in /     51.00000 para dattack(04)
Mensaje D / 00:00:20:000 / dmove(03) / 00:00:05:000 para top(01)
Mensaje D / 00:00:20:000 / dattack(04) / ... para top(01)
Mensaje D / 00:00:20:000 / top(01) / 00:00:05:000 para Root(00)
Mensaje * / 00:00:25:000 / Root(00) para top(01)
Mensaje * / 00:00:25:000 / top(01) para dmove(03)
Mensaje Y / 00:00:25:000 / dmove(03) / out /     43.00000 para top(01)
Mensaje D / 00:00:25:000 / dmove(03) / ... para top(01)
Mensaje Y / 00:00:25:000 / top(01) / dout /     43.00000 para Root(00)
Mensaje D / 00:00:25:000 / top(01) / ... para Root(00)
Mensaje X / 00:00:40:000 / Root(00) / din /    -10.00000 para top(01)
Mensaje X / 00:00:40:000 / top(01) / in /    -10.00000 para ddecision(02)
Mensaje D / 00:00:40:000 / ddecision(02) / 00:00:00:000 para top(01)
Mensaje D / 00:00:40:000 / top(01) / 00:00:00:000 para Root(00)
Mensaje * / 00:00:40:000 / Root(00) para top(01)
Mensaje * / 00:00:40:000 / top(01) para ddecision(02)
Mensaje Y / 00:00:40:000 / ddecision(02) / out /     51.00000 para top(01)
Mensaje D / 00:00:40:000 / ddecision(02) / ... para top(01)
Mensaje X / 00:00:40:000 / top(01) / in /     51.00000 para dmove(03)
Mensaje X / 00:00:40:000 / top(01) / in /     51.00000 para dattack(04)
Mensaje D / 00:00:40:000 / dmove(03) / 00:00:05:000 para top(01)
Mensaje D / 00:00:40:000 / dattack(04) / ... para top(01)
Mensaje D / 00:00:40:000 / top(01) / 00:00:05:000 para Root(00)
Mensaje * / 00:00:45:000 / Root(00) para top(01)
Mensaje * / 00:00:45:000 / top(01) para dmove(03)
Mensaje Y / 00:00:45:000 / dmove(03) / out /     51.00000 para top(01)
Mensaje D / 00:00:45:000 / dmove(03) / ... para top(01)
Mensaje Y / 00:00:45:000 / top(01) / dout /     51.00000 para Root(00)
Mensaje D / 00:00:45:000 / top(01) / ... para Root(00)
Mensaje X / 00:01:00:000 / Root(00) / din /     43.00000 para top(01)
Mensaje X / 00:01:00:000 / top(01) / in /     43.00000 para ddecision(02)
Mensaje D / 00:01:00:000 / ddecision(02) / 00:00:00:000 para top(01)
Mensaje D / 00:01:00:000 / top(01) / 00:00:00:000 para Root(00)
Mensaje * / 00:01:00:000 / Root(00) para top(01)
Mensaje * / 00:01:00:000 / top(01) para ddecision(02)
Mensaje Y / 00:01:00:000 / ddecision(02) / out /     43.00000 para top(01)
Mensaje D / 00:01:00:000 / ddecision(02) / ... para top(01)
Mensaje X / 00:01:00:000 / top(01) / in /     43.00000 para dmove(03)
Mensaje X / 00:01:00:000 / top(01) / in /     43.00000 para dattack(04)
Mensaje D / 00:01:00:000 / dmove(03) / 00:00:05:000 para top(01)
Mensaje D / 00:01:00:000 / dattack(04) / ... para top(01)
Mensaje D / 00:01:00:000 / top(01) / 00:00:05:000 para Root(00)
Mensaje * / 00:01:05:000 / Root(00) para top(01)
Mensaje * / 00:01:05:000 / top(01) para dmove(03)
Mensaje Y / 00:01:05:000 / dmove(03) / out /     35.00000 para top(01)
Mensaje D / 00:01:05:000 / dmove(03) / ... para top(01)
Mensaje Y / 00:01:05:000 / top(01) / dout /     35.00000 para Root(00)
Mensaje D / 00:01:05:000 / top(01) / ... para Root(00)
Mensaje X / 00:01:20:000 / Root(00) / din /     32.00000 para top(01)
Mensaje X / 00:01:20:000 / top(01) / in /     32.00000 para ddecision(02)
Mensaje D / 00:01:20:000 / ddecision(02) / 00:00:00:000 para top(01)
Mensaje D / 00:01:20:000 / top(01) / 00:00:00:000 para Root(00)
Mensaje * / 00:01:20:000 / Root(00) para top(01)
Mensaje * / 00:01:20:000 / top(01) para ddecision(02)
Mensaje Y / 00:01:20:000 / ddecision(02) / out /     32.00000 para top(01)
Mensaje D / 00:01:20:000 / ddecision(02) / ... para top(01)
Mensaje X / 00:01:20:000 / top(01) / in /     32.00000 para dmove(03)
Mensaje X / 00:01:20:000 / top(01) / in /     32.00000 para dattack(04)
Mensaje D / 00:01:20:000 / dmove(03) / 00:00:05:000 para top(01)
Mensaje D / 00:01:20:000 / dattack(04) / ... para top(01)
Mensaje D / 00:01:20:000 / top(01) / 00:00:05:000 para Root(00)
Mensaje * / 00:01:25:000 / Root(00) para top(01)
Mensaje * / 00:01:25:000 / top(01) para dmove(03)
Mensaje Y / 00:01:25:000 / dmove(03) / out /     32.00000 para top(01)
Mensaje D / 00:01:25:000 / dmove(03) / ... para top(01)
Mensaje Y / 00:01:25:000 / top(01) / dout /     32.00000 para Root(00)
Mensaje D / 00:01:25:000 / top(01) / ... para Root(00)
Mensaje X / 00:01:40:000 / Root(00) / din /    -10.00000 para top(01)
Mensaje X / 00:01:40:000 / top(01) / in /    -10.00000 para ddecision(02)
Mensaje D / 00:01:40:000 / ddecision(02) / 00:00:00:000 para top(01)
Mensaje D / 00:01:40:000 / top(01) / 00:00:00:000 para Root(00)
Mensaje * / 00:01:40:000 / Root(00) para top(01)
Mensaje * / 00:01:40:000 / top(01) para ddecision(02)
Mensaje Y / 00:01:40:000 / ddecision(02) / out /     32.00000 para top(01)
Mensaje D / 00:01:40:000 / ddecision(02) / ... para top(01)
Mensaje X / 00:01:40:000 / top(01) / in /     32.00000 para dmove(03)
Mensaje X / 00:01:40:000 / top(01) / in /     32.00000 para dattack(04)
Mensaje D / 00:01:40:000 / dmove(03) / 00:00:05:000 para top(01)
Mensaje D / 00:01:40:000 / dattack(04) / ... para top(01)
Mensaje D / 00:01:40:000 / top(01) / 00:00:05:000 para Root(00)
Mensaje * / 00:01:45:000 / Root(00) para top(01)
Mensaje * / 00:01:45:000 / top(01) para dmove(03)
Mensaje Y / 00:01:45:000 / dmove(03) / out /     32.00000 para top(01)
Mensaje D / 00:01:45:000 / dmove(03) / ... para top(01)
Mensaje Y / 00:01:45:000 / top(01) / dout /     32.00000 para Root(00)
Mensaje D / 00:01:45:000 / top(01) / ... para Root(00)
Mensaje X / 00:02:00:000 / Root(00) / din /     20.00000 para top(01)
Mensaje X / 00:02:00:000 / top(01) / in /     20.00000 para ddecision(02)
Mensaje D / 00:02:00:000 / ddecision(02) / 00:00:00:000 para top(01)
Mensaje D / 00:02:00:000 / top(01) / 00:00:00:000 para Root(00)
Mensaje * / 00:02:00:000 / Root(00) para top(01)
Mensaje * / 00:02:00:000 / top(01) para ddecision(02)
Mensaje Y / 00:02:00:000 / ddecision(02) / out /     20.00000 para top(01)
Mensaje D / 00:02:00:000 / ddecision(02) / ... para top(01)
Mensaje X / 00:02:00:000 / top(01) / in /     20.00000 para dmove(03)
Mensaje X / 00:02:00:000 / top(01) / in /     20.00000 para dattack(04)
Mensaje D / 00:02:00:000 / dmove(03) / 00:00:05:000 para top(01)
Mensaje D / 00:02:00:000 / dattack(04) / ... para top(01)
Mensaje D / 00:02:00:000 / top(01) / 00:00:05:000 para Root(00)
Mensaje * / 00:02:05:000 / Root(00) para top(01)
Mensaje * / 00:02:05:000 / top(01) para dmove(03)
Mensaje Y / 00:02:05:000 / dmove(03) / out /     28.00000 para top(01)
Mensaje D / 00:02:05:000 / dmove(03) / ... para top(01)
Mensaje Y / 00:02:05:000 / top(01) / dout /     28.00000 para Root(00)
Mensaje D / 00:02:05:000 / top(01) / ... para Root(00)
Mensaje X / 00:02:20:000 / Root(00) / din /      4.00000 para top(01)
Mensaje X / 00:02:20:000 / top(01) / in /      4.00000 para ddecision(02)
Mensaje D / 00:02:20:000 / ddecision(02) / 00:00:00:000 para top(01)
Mensaje D / 00:02:20:000 / top(01) / 00:00:00:000 para Root(00)
Mensaje * / 00:02:20:000 / Root(00) para top(01)
Mensaje * / 00:02:20:000 / top(01) para ddecision(02)
Mensaje Y / 00:02:20:000 / ddecision(02) / out /      4.00000 para top(01)
Mensaje D / 00:02:20:000 / ddecision(02) / ... para top(01)
Mensaje X / 00:02:20:000 / top(01) / in /      4.00000 para dmove(03)
Mensaje X / 00:02:20:000 / top(01) / in /      4.00000 para dattack(04)
Mensaje D / 00:02:20:000 / dmove(03) / 00:00:05:000 para top(01)
Mensaje D / 00:02:20:000 / dattack(04) / ... para top(01)
Mensaje D / 00:02:20:000 / top(01) / 00:00:05:000 para Root(00)
Mensaje * / 00:02:25:000 / Root(00) para top(01)
Mensaje * / 00:02:25:000 / top(01) para dmove(03)
Mensaje Y / 00:02:25:000 / dmove(03) / out /      4.00000 para top(01)
Mensaje D / 00:02:25:000 / dmove(03) / ... para top(01)
Mensaje Y / 00:02:25:000 / top(01) / dout /      4.00000 para Root(00)
Mensaje D / 00:02:25:000 / top(01) / ... para Root(00)
Mensaje X / 00:02:40:000 / Root(00) / din /     22.00000 para top(01)
Mensaje X / 00:02:40:000 / top(01) / in /     22.00000 para ddecision(02)
Mensaje D / 00:02:40:000 / ddecision(02) / 00:00:00:000 para top(01)
Mensaje D / 00:02:40:000 / top(01) / 00:00:00:000 para Root(00)
Mensaje * / 00:02:40:000 / Root(00) para top(01)
Mensaje * / 00:02:40:000 / top(01) para ddecision(02)
Mensaje Y / 00:02:40:000 / ddecision(02) / out /    -22.00000 para top(01)
Mensaje D / 00:02:40:000 / ddecision(02) / ... para top(01)
Mensaje X / 00:02:40:000 / top(01) / in /    -22.00000 para dmove(03)
Mensaje X / 00:02:40:000 / top(01) / in /    -22.00000 para dattack(04)
Mensaje D / 00:02:40:000 / dmove(03) / ... para top(01)
Mensaje D / 00:02:40:000 / dattack(04) / 00:00:10:000 para top(01)
Mensaje D / 00:02:40:000 / top(01) / 00:00:10:000 para Root(00)
Mensaje * / 00:02:50:000 / Root(00) para top(01)
Mensaje * / 00:02:50:000 / top(01) para dattack(04)
Mensaje Y / 00:02:50:000 / dattack(04) / out /    -10.00000 para top(01)
Mensaje D / 00:02:50:000 / dattack(04) / ... para top(01)
Mensaje Y / 00:02:50:000 / top(01) / dout /    -10.00000 para Root(00)
Mensaje D / 00:02:50:000 / top(01) / ... para Root(00)
Mensaje X / 00:03:00:000 / Root(00) / din /     24.00000 para top(01)
Mensaje X / 00:03:00:000 / top(01) / in /     24.00000 para ddecision(02)
Mensaje D / 00:03:00:000 / ddecision(02) / 00:00:00:000 para top(01)
Mensaje D / 00:03:00:000 / top(01) / 00:00:00:000 para Root(00)
Mensaje * / 00:03:00:000 / Root(00) para top(01)
Mensaje * / 00:03:00:000 / top(01) para ddecision(02)
Mensaje Y / 00:03:00:000 / ddecision(02) / out /     24.00000 para top(01)
Mensaje D / 00:03:00:000 / ddecision(02) / ... para top(01)
Mensaje X / 00:03:00:000 / top(01) / in /     24.00000 para dmove(03)
Mensaje X / 00:03:00:000 / top(01) / in /     24.00000 para dattack(04)
Mensaje D / 00:03:00:000 / dmove(03) / 00:00:05:000 para top(01)
Mensaje D / 00:03:00:000 / dattack(04) / ... para top(01)
Mensaje D / 00:03:00:000 / top(01) / 00:00:05:000 para Root(00)
Mensaje * / 00:03:05:000 / Root(00) para top(01)
Mensaje * / 00:03:05:000 / top(01) para dmove(03)
Mensaje Y / 00:03:05:000 / dmove(03) / out /     32.00000 para top(01)
Mensaje D / 00:03:05:000 / dmove(03) / ... para top(01)
Mensaje Y / 00:03:05:000 / top(01) / dout /     32.00000 para Root(00)
Mensaje D / 00:03:05:000 / top(01) / ... para Root(00)
Mensaje X / 00:03:20:000 / Root(00) / din /     30.00000 para top(01)
Mensaje X / 00:03:20:000 / top(01) / in /     30.00000 para ddecision(02)
Mensaje D / 00:03:20:000 / ddecision(02) / 00:00:00:000 para top(01)
Mensaje D / 00:03:20:000 / top(01) / 00:00:00:000 para Root(00)
Mensaje * / 00:03:20:000 / Root(00) para top(01)
Mensaje * / 00:03:20:000 / top(01) para ddecision(02)
Mensaje Y / 00:03:20:000 / ddecision(02) / out /     30.00000 para top(01)
Mensaje D / 00:03:20:000 / ddecision(02) / ... para top(01)
Mensaje X / 00:03:20:000 / top(01) / in /     30.00000 para dmove(03)
Mensaje X / 00:03:20:000 / top(01) / in /     30.00000 para dattack(04)
Mensaje D / 00:03:20:000 / dmove(03) / 00:00:05:000 para top(01)
Mensaje D / 00:03:20:000 / dattack(04) / ... para top(01)
Mensaje D / 00:03:20:000 / top(01) / 00:00:05:000 para Root(00)
Mensaje * / 00:03:25:000 / Root(00) para top(01)
Mensaje * / 00:03:25:000 / top(01) para dmove(03)
Mensaje Y / 00:03:25:000 / dmove(03) / out /     22.00000 para top(01)
Mensaje D / 00:03:25:000 / dmove(03) / ... para top(01)
Mensaje Y / 00:03:25:000 / top(01) / dout /     22.00000 para Root(00)
Mensaje D / 00:03:25:000 / top(01) / ... para Root(00)
Mensaje X / 00:03:40:000 / Root(00) / din /     44.00000 para top(01)
Mensaje X / 00:03:40:000 / top(01) / in /     44.00000 para ddecision(02)
Mensaje D / 00:03:40:000 / ddecision(02) / 00:00:00:000 para top(01)
Mensaje D / 00:03:40:000 / top(01) / 00:00:00:000 para Root(00)
Mensaje * / 00:03:40:000 / Root(00) para top(01)
Mensaje * / 00:03:40:000 / top(01) para ddecision(02)
Mensaje Y / 00:03:40:000 / ddecision(02) / out /     44.00000 para top(01)
Mensaje D / 00:03:40:000 / ddecision(02) / ... para top(01)
Mensaje X / 00:03:40:000 / top(01) / in /     44.00000 para dmove(03)
Mensaje X / 00:03:40:000 / top(01) / in /     44.00000 para dattack(04)
Mensaje D / 00:03:40:000 / dmove(03) / 00:00:05:000 para top(01)
Mensaje D / 00:03:40:000 / dattack(04) / ... para top(01)
Mensaje D / 00:03:40:000 / top(01) / 00:00:05:000 para Root(00)
Mensaje * / 00:03:45:000 / Root(00) para top(01)
Mensaje * / 00:03:45:000 / top(01) para dmove(03)
Mensaje Y / 00:03:45:000 / dmove(03) / out /     36.00000 para top(01)
Mensaje D / 00:03:45:000 / dmove(03) / ... para top(01)
Mensaje Y / 00:03:45:000 / top(01) / dout /     36.00000 para Root(00)
Mensaje D / 00:03:45:000 / top(01) / ... para Root(00)
Mensaje X / 00:04:00:000 / Root(00) / din /     30.00000 para top(01)
Mensaje X / 00:04:00:000 / top(01) / in /     30.00000 para ddecision(02)
Mensaje D / 00:04:00:000 / ddecision(02) / 00:00:00:000 para top(01)
Mensaje D / 00:04:00:000 / top(01) / 00:00:00:000 para Root(00)
Mensaje * / 00:04:00:000 / Root(00) para top(01)
Mensaje * / 00:04:00:000 / top(01) para ddecision(02)
Mensaje Y / 00:04:00:000 / ddecision(02) / out /     30.00000 para top(01)
Mensaje D / 00:04:00:000 / ddecision(02) / ... para top(01)
Mensaje X / 00:04:00:000 / top(01) / in /     30.00000 para dmove(03)
Mensaje X / 00:04:00:000 / top(01) / in /     30.00000 para dattack(04)
Mensaje D / 00:04:00:000 / dmove(03) / 00:00:05:000 para top(01)
Mensaje D / 00:04:00:000 / dattack(04) / ... para top(01)
Mensaje D / 00:04:00:000 / top(01) / 00:00:05:000 para Root(00)
Mensaje * / 00:04:05:000 / Root(00) para top(01)
Mensaje * / 00:04:05:000 / top(01) para dmove(03)
Mensaje Y / 00:04:05:000 / dmove(03) / out /     30.00000 para top(01)
Mensaje D / 00:04:05:000 / dmove(03) / ... para top(01)
Mensaje Y / 00:04:05:000 / top(01) / dout /     30.00000 para Root(00)
Mensaje D / 00:04:05:000 / top(01) / ... para Root(00)
Mensaje X / 00:04:20:000 / Root(00) / din /     25.00000 para top(01)
Mensaje X / 00:04:20:000 / top(01) / in /     25.00000 para ddecision(02)
Mensaje D / 00:04:20:000 / ddecision(02) / 00:00:00:000 para top(01)
Mensaje D / 00:04:20:000 / top(01) / 00:00:00:000 para Root(00)
Mensaje * / 00:04:20:000 / Root(00) para top(01)
Mensaje * / 00:04:20:000 / top(01) para ddecision(02)
Mensaje Y / 00:04:20:000 / ddecision(02) / out /     25.00000 para top(01)
Mensaje D / 00:04:20:000 / ddecision(02) / ... para top(01)
Mensaje X / 00:04:20:000 / top(01) / in /     25.00000 para dmove(03)
Mensaje X / 00:04:20:000 / top(01) / in /     25.00000 para dattack(04)
Mensaje D / 00:04:20:000 / dmove(03) / 00:00:05:000 para top(01)
Mensaje D / 00:04:20:000 / dattack(04) / ... para top(01)
Mensaje D / 00:04:20:000 / top(01) / 00:00:05:000 para Root(00)
Mensaje * / 00:04:25:000 / Root(00) para top(01)
Mensaje * / 00:04:25:000 / top(01) para dmove(03)
Mensaje Y / 00:04:25:000 / dmove(03) / out /     33.00000 para top(01)
Mensaje D / 00:04:25:000 / dmove(03) / ... para top(01)
Mensaje Y / 00:04:25:000 / top(01) / dout /     33.00000 para Root(00)
Mensaje D / 00:04:25:000 / top(01) / ... para Root(00)
Mensaje X / 00:04:40:000 / Root(00) / din /   -190.00000 para top(01)
Mensaje X / 00:04:40:000 / top(01) / in /   -190.00000 para ddecision(02)
Mensaje D / 00:04:40:000 / ddecision(02) / 00:00:00:000 para top(01)
Mensaje D / 00:04:40:000 / top(01) / 00:00:00:000 para Root(00)
Mensaje * / 00:04:40:000 / Root(00) para top(01)
Mensaje * / 00:04:40:000 / top(01) para ddecision(02)
Mensaje Y / 00:04:40:000 / ddecision(02) / out /      0.00000 para top(01)
Mensaje D / 00:04:40:000 / ddecision(02) / ... para top(01)
Mensaje X / 00:04:40:000 / top(01) / in /      0.00000 para dmove(03)
Mensaje X / 00:04:40:000 / top(01) / in /      0.00000 para dattack(04)
Mensaje D / 00:04:40:000 / dmove(03) / ... para top(01)
Mensaje D / 00:04:40:000 / dattack(04) / ... para top(01)
Mensaje D / 00:04:40:000 / top(01) / ... para Root(00)
