Mensaje I / 00:00:00:000 / Root(00) para top(01)
Mensaje I / 00:00:00:000 / top(01) para kattack(02)
Mensaje D / 00:00:00:000 / kattack(02) / ... para top(01)
Mensaje D / 00:00:00:000 / top(01) / ... para Root(00)
Mensaje X / 00:00:10:000 / Root(00) / in /      5.00000 para top(01)
Mensaje X / 00:00:10:000 / top(01) / in /      5.00000 para kattack(02)
Mensaje D / 00:00:10:000 / kattack(02) / ... para top(01)
Mensaje D / 00:00:10:000 / top(01) / ... para Root(00)
Mensaje X / 00:00:25:000 / Root(00) / in /    -20.00000 para top(01)
Mensaje X / 00:00:25:000 / top(01) / in /    -20.00000 para kattack(02)
Mensaje D / 00:00:25:000 / kattack(02) / 00:00:10:000 para top(01)
Mensaje D / 00:00:25:000 / top(01) / 00:00:10:000 para Root(00)
Mensaje * / 00:00:35:000 / Root(00) para top(01)
Mensaje * / 00:00:35:000 / top(01) para kattack(02)
Mensaje Y / 00:00:35:000 / kattack(02) / out /     -5.00000 para top(01)
Mensaje D / 00:00:35:000 / kattack(02) / ... para top(01)
Mensaje Y / 00:00:35:000 / top(01) / out /     -5.00000 para Root(00)
Mensaje D / 00:00:35:000 / top(01) / ... para Root(00)
Mensaje X / 00:00:40:000 / Root(00) / in /     -4.00000 para top(01)
Mensaje X / 00:00:40:000 / top(01) / in /     -4.00000 para kattack(02)
Mensaje D / 00:00:40:000 / kattack(02) / 00:00:10:000 para top(01)
Mensaje D / 00:00:40:000 / top(01) / 00:00:10:000 para Root(00)
Mensaje * / 00:00:50:000 / Root(00) para top(01)
Mensaje * / 00:00:50:000 / top(01) para kattack(02)
Mensaje Y / 00:00:50:000 / kattack(02) / out /    -10.00000 para top(01)
Mensaje D / 00:00:50:000 / kattack(02) / ... para top(01)
Mensaje Y / 00:00:50:000 / top(01) / out /    -10.00000 para Root(00)
Mensaje D / 00:00:50:000 / top(01) / ... para Root(00)
