Mensaje I / 00:00:00:000 / Root(00) para top(01)
Mensaje I / 00:00:00:000 / top(01) para kdecision(02)
Mensaje D / 00:00:00:000 / kdecision(02) / ... para top(01)
Mensaje D / 00:00:00:000 / top(01) / ... para Root(00)
Mensaje X / 00:00:10:000 / Root(00) / in /     55.00000 para top(01)
Mensaje X / 00:00:10:000 / top(01) / in /     55.00000 para kdecision(02)
Mensaje D / 00:00:10:000 / kdecision(02) / 00:00:00:000 para top(01)
Mensaje D / 00:00:10:000 / top(01) / 00:00:00:000 para Root(00)
Mensaje * / 00:00:10:000 / Root(00) para top(01)
Mensaje * / 00:00:10:000 / top(01) para kdecision(02)
Mensaje Y / 00:00:10:000 / kdecision(02) / out /     55.00000 para top(01)
Mensaje D / 00:00:10:000 / kdecision(02) / ... para top(01)
Mensaje Y / 00:00:10:000 / top(01) / out /     55.00000 para Root(00)
Mensaje D / 00:00:10:000 / top(01) / ... para Root(00)
Mensaje X / 00:00:20:000 / Root(00) / in /     20.00000 para top(01)
Mensaje X / 00:00:20:000 / top(01) / in /     20.00000 para kdecision(02)
Mensaje D / 00:00:20:000 / kdecision(02) / 00:00:00:000 para top(01)
Mensaje D / 00:00:20:000 / top(01) / 00:00:00:000 para Root(00)
Mensaje * / 00:00:20:000 / Root(00) para top(01)
Mensaje * / 00:00:20:000 / top(01) para kdecision(02)
Mensaje Y / 00:00:20:000 / kdecision(02) / out /    -20.00000 para top(01)
Mensaje D / 00:00:20:000 / kdecision(02) / ... para top(01)
Mensaje Y / 00:00:20:000 / top(01) / out /    -20.00000 para Root(00)
Mensaje D / 00:00:20:000 / top(01) / ... para Root(00)
Mensaje X / 00:00:30:000 / Root(00) / in /     31.00000 para top(01)
Mensaje X / 00:00:30:000 / top(01) / in /     31.00000 para kdecision(02)
Mensaje D / 00:00:30:000 / kdecision(02) / 00:00:00:000 para top(01)
Mensaje D / 00:00:30:000 / top(01) / 00:00:00:000 para Root(00)
Mensaje * / 00:00:30:000 / Root(00) para top(01)
Mensaje * / 00:00:30:000 / top(01) para kdecision(02)
Mensaje Y / 00:00:30:000 / kdecision(02) / out /    -31.00000 para top(01)
Mensaje D / 00:00:30:000 / kdecision(02) / ... para top(01)
Mensaje Y / 00:00:30:000 / top(01) / out /    -31.00000 para Root(00)
Mensaje D / 00:00:30:000 / top(01) / ... para Root(00)
Mensaje X / 00:00:40:000 / Root(00) / in /     40.00000 para top(01)
Mensaje X / 00:00:40:000 / top(01) / in /     40.00000 para kdecision(02)
Mensaje D / 00:00:40:000 / kdecision(02) / 00:00:00:000 para top(01)
Mensaje D / 00:00:40:000 / top(01) / 00:00:00:000 para Root(00)
Mensaje * / 00:00:40:000 / Root(00) para top(01)
Mensaje * / 00:00:40:000 / top(01) para kdecision(02)
Mensaje Y / 00:00:40:000 / kdecision(02) / out /    -40.00000 para top(01)
Mensaje D / 00:00:40:000 / kdecision(02) / ... para top(01)
Mensaje Y / 00:00:40:000 / top(01) / out /    -40.00000 para Root(00)
Mensaje D / 00:00:40:000 / top(01) / ... para Root(00)
Mensaje X / 00:00:50:000 / Root(00) / in /     51.00000 para top(01)
Mensaje X / 00:00:50:000 / top(01) / in /     51.00000 para kdecision(02)
Mensaje D / 00:00:50:000 / kdecision(02) / 00:00:00:000 para top(01)
Mensaje D / 00:00:50:000 / top(01) / 00:00:00:000 para Root(00)
Mensaje * / 00:00:50:000 / Root(00) para top(01)
Mensaje * / 00:00:50:000 / top(01) para kdecision(02)
Mensaje Y / 00:00:50:000 / kdecision(02) / out /     51.00000 para top(01)
Mensaje D / 00:00:50:000 / kdecision(02) / ... para top(01)
Mensaje Y / 00:00:50:000 / top(01) / out /     51.00000 para Root(00)
Mensaje D / 00:00:50:000 / top(01) / ... para Root(00)
Mensaje X / 00:01:10:000 / Root(00) / in /    -50.00000 para top(01)
Mensaje X / 00:01:10:000 / top(01) / in /    -50.00000 para kdecision(02)
Mensaje D / 00:01:10:000 / kdecision(02) / 00:00:00:000 para top(01)
Mensaje D / 00:01:10:000 / top(01) / 00:00:00:000 para Root(00)
Mensaje * / 00:01:10:000 / Root(00) para top(01)
Mensaje * / 00:01:10:000 / top(01) para kdecision(02)
Mensaje Y / 00:01:10:000 / kdecision(02) / out /     51.00000 para top(01)
Mensaje D / 00:01:10:000 / kdecision(02) / ... para top(01)
Mensaje Y / 00:01:10:000 / top(01) / out /     51.00000 para Root(00)
Mensaje D / 00:01:10:000 / top(01) / ... para Root(00)
Mensaje X / 00:01:20:000 / Root(00) / in /    -50.00000 para top(01)
Mensaje X / 00:01:20:000 / top(01) / in /    -50.00000 para kdecision(02)
Mensaje D / 00:01:20:000 / kdecision(02) / 00:00:00:000 para top(01)
Mensaje D / 00:01:20:000 / top(01) / 00:00:00:000 para Root(00)
Mensaje * / 00:01:20:000 / Root(00) para top(01)
Mensaje * / 00:01:20:000 / top(01) para kdecision(02)
Mensaje Y / 00:01:20:000 / kdecision(02) / out /      0.00000 para top(01)
Mensaje D / 00:01:20:000 / kdecision(02) / ... para top(01)
Mensaje Y / 00:01:20:000 / top(01) / out /      0.00000 para Root(00)
Mensaje D / 00:01:20:000 / top(01) / ... para Root(00)
