Mensaje I / 00:00:00:000 / Root(00) para top(01)
Mensaje I / 00:00:00:000 / top(01) para kmove(02)
Mensaje D / 00:00:00:000 / kmove(02) / ... para top(01)
Mensaje D / 00:00:00:000 / top(01) / ... para Root(00)
Mensaje X / 00:00:00:000 / Root(00) / in /     55.00000 para top(01)
Mensaje X / 00:00:00:000 / top(01) / in /     55.00000 para kmove(02)
Mensaje D / 00:00:00:000 / kmove(02) / 00:00:05:000 para top(01)
Mensaje D / 00:00:00:000 / top(01) / 00:00:05:000 para Root(00)
Mensaje * / 00:00:05:000 / Root(00) para top(01)
Mensaje * / 00:00:05:000 / top(01) para kmove(02)
Mensaje Y / 00:00:05:000 / kmove(02) / out /     51.00000 para top(01)
Mensaje D / 00:00:05:000 / kmove(02) / ... para top(01)
Mensaje Y / 00:00:05:000 / top(01) / out /     51.00000 para Root(00)
Mensaje D / 00:00:05:000 / top(01) / ... para Root(00)
Mensaje X / 00:00:10:000 / Root(00) / in /      4.00000 para top(01)
Mensaje X / 00:00:10:000 / top(01) / in /      4.00000 para kmove(02)
Mensaje D / 00:00:10:000 / kmove(02) / 00:00:05:000 para top(01)
Mensaje D / 00:00:10:000 / top(01) / 00:00:05:000 para Root(00)
Mensaje * / 00:00:15:000 / Root(00) para top(01)
Mensaje * / 00:00:15:000 / top(01) para kmove(02)
Mensaje Y / 00:00:15:000 / kmove(02) / out /      8.00000 para top(01)
Mensaje D / 00:00:15:000 / kmove(02) / ... para top(01)
Mensaje Y / 00:00:15:000 / top(01) / out /      8.00000 para Root(00)
Mensaje D / 00:00:15:000 / top(01) / ... para Root(00)
Mensaje X / 00:00:20:000 / Root(00) / in /     20.00000 para top(01)
Mensaje X / 00:00:20:000 / top(01) / in /     20.00000 para kmove(02)
Mensaje D / 00:00:20:000 / kmove(02) / 00:00:05:000 para top(01)
Mensaje D / 00:00:20:000 / top(01) / 00:00:05:000 para Root(00)
Mensaje * / 00:00:25:000 / Root(00) para top(01)
Mensaje * / 00:00:25:000 / top(01) para kmove(02)
Mensaje Y / 00:00:25:000 / kmove(02) / out /     24.00000 para top(01)
Mensaje D / 00:00:25:000 / kmove(02) / ... para top(01)
Mensaje Y / 00:00:25:000 / top(01) / out /     24.00000 para Root(00)
Mensaje D / 00:00:25:000 / top(01) / ... para Root(00)
Mensaje X / 00:00:30:000 / Root(00) / in /     31.00000 para top(01)
Mensaje X / 00:00:30:000 / top(01) / in /     31.00000 para kmove(02)
Mensaje D / 00:00:30:000 / kmove(02) / 00:00:05:000 para top(01)
Mensaje D / 00:00:30:000 / top(01) / 00:00:05:000 para Root(00)
Mensaje * / 00:00:35:000 / Root(00) para top(01)
Mensaje * / 00:00:35:000 / top(01) para kmove(02)
Mensaje Y / 00:00:35:000 / kmove(02) / out /     35.00000 para top(01)
Mensaje D / 00:00:35:000 / kmove(02) / ... para top(01)
Mensaje Y / 00:00:35:000 / top(01) / out /     35.00000 para Root(00)
Mensaje D / 00:00:35:000 / top(01) / ... para Root(00)
Mensaje X / 00:00:40:000 / Root(00) / in /     40.00000 para top(01)
Mensaje X / 00:00:40:000 / top(01) / in /     40.00000 para kmove(02)
Mensaje D / 00:00:40:000 / kmove(02) / 00:00:05:000 para top(01)
Mensaje D / 00:00:40:000 / top(01) / 00:00:05:000 para Root(00)
Mensaje * / 00:00:45:000 / Root(00) para top(01)
Mensaje * / 00:00:45:000 / top(01) para kmove(02)
Mensaje Y / 00:00:45:000 / kmove(02) / out /     36.00000 para top(01)
Mensaje D / 00:00:45:000 / kmove(02) / ... para top(01)
Mensaje Y / 00:00:45:000 / top(01) / out /     36.00000 para Root(00)
Mensaje D / 00:00:45:000 / top(01) / ... para Root(00)
Mensaje X / 00:00:50:000 / Root(00) / in /     42.00000 para top(01)
Mensaje X / 00:00:50:000 / top(01) / in /     42.00000 para kmove(02)
Mensaje D / 00:00:50:000 / kmove(02) / 00:00:05:000 para top(01)
Mensaje D / 00:00:50:000 / top(01) / 00:00:05:000 para Root(00)
Mensaje * / 00:00:55:000 / Root(00) para top(01)
Mensaje * / 00:00:55:000 / top(01) para kmove(02)
Mensaje Y / 00:00:55:000 / kmove(02) / out /     46.00000 para top(01)
Mensaje D / 00:00:55:000 / kmove(02) / ... para top(01)
Mensaje Y / 00:00:55:000 / top(01) / out /     46.00000 para Root(00)
Mensaje D / 00:00:55:000 / top(01) / ... para Root(00)
Mensaje X / 00:01:10:000 / Root(00) / in /     27.00000 para top(01)
Mensaje X / 00:01:10:000 / top(01) / in /     27.00000 para kmove(02)
Mensaje D / 00:01:10:000 / kmove(02) / 00:00:05:000 para top(01)
Mensaje D / 00:01:10:000 / top(01) / 00:00:05:000 para Root(00)
Mensaje * / 00:01:15:000 / Root(00) para top(01)
Mensaje * / 00:01:15:000 / top(01) para kmove(02)
Mensaje Y / 00:01:15:000 / kmove(02) / out /     31.00000 para top(01)
Mensaje D / 00:01:15:000 / kmove(02) / ... para top(01)
Mensaje Y / 00:01:15:000 / top(01) / out /     31.00000 para Root(00)
Mensaje D / 00:01:15:000 / top(01) / ... para Root(00)
Mensaje X / 00:01:20:000 / Root(00) / in /     23.00000 para top(01)
Mensaje X / 00:01:20:000 / top(01) / in /     23.00000 para kmove(02)
Mensaje D / 00:01:20:000 / kmove(02) / 00:00:05:000 para top(01)
Mensaje D / 00:01:20:000 / top(01) / 00:00:05:000 para Root(00)
Mensaje * / 00:01:25:000 / Root(00) para top(01)
Mensaje * / 00:01:25:000 / top(01) para kmove(02)
Mensaje Y / 00:01:25:000 / kmove(02) / out /     27.00000 para top(01)
Mensaje D / 00:01:25:000 / kmove(02) / ... para top(01)
Mensaje Y / 00:01:25:000 / top(01) / out /     27.00000 para Root(00)
Mensaje D / 00:01:25:000 / top(01) / ... para Root(00)
Mensaje X / 00:01:30:000 / Root(00) / in /     20.00000 para top(01)
Mensaje X / 00:01:30:000 / top(01) / in /     20.00000 para kmove(02)
Mensaje D / 00:01:30:000 / kmove(02) / 00:00:05:000 para top(01)
Mensaje D / 00:01:30:000 / top(01) / 00:00:05:000 para Root(00)
Mensaje * / 00:01:35:000 / Root(00) para top(01)
Mensaje * / 00:01:35:000 / top(01) para kmove(02)
Mensaje Y / 00:01:35:000 / kmove(02) / out /     16.00000 para top(01)
Mensaje D / 00:01:35:000 / kmove(02) / ... para top(01)
Mensaje Y / 00:01:35:000 / top(01) / out /     16.00000 para Root(00)
Mensaje D / 00:01:35:000 / top(01) / ... para Root(00)
Mensaje X / 00:01:40:000 / Root(00) / in /     14.00000 para top(01)
Mensaje X / 00:01:40:000 / top(01) / in /     14.00000 para kmove(02)
Mensaje D / 00:01:40:000 / kmove(02) / 00:00:05:000 para top(01)
Mensaje D / 00:01:40:000 / top(01) / 00:00:05:000 para Root(00)
Mensaje * / 00:01:45:000 / Root(00) para top(01)
Mensaje * / 00:01:45:000 / top(01) para kmove(02)
Mensaje Y / 00:01:45:000 / kmove(02) / out /     18.00000 para top(01)
Mensaje D / 00:01:45:000 / kmove(02) / ... para top(01)
Mensaje Y / 00:01:45:000 / top(01) / out /     18.00000 para Root(00)
Mensaje D / 00:01:45:000 / top(01) / ... para Root(00)
Mensaje X / 00:01:50:000 / Root(00) / in /    -10.00000 para top(01)
Mensaje X / 00:01:50:000 / top(01) / in /    -10.00000 para kmove(02)
Mensaje D / 00:01:50:000 / kmove(02) / ... para top(01)
Mensaje D / 00:01:50:000 / top(01) / ... para Root(00)
