Mensaje I / 00:00:00:000 / Root(00) para top(01)
Mensaje I / 00:00:00:000 / top(01) para kdecision(02)
Mensaje I / 00:00:00:000 / top(01) para kattack(03)
Mensaje I / 00:00:00:000 / top(01) para kmove(04)
Mensaje D / 00:00:00:000 / kdecision(02) / ... para top(01)
Mensaje D / 00:00:00:000 / kattack(03) / ... para top(01)
Mensaje D / 00:00:00:000 / kmove(04) / ... para top(01)
Mensaje D / 00:00:00:000 / top(01) / ... para Root(00)
Mensaje X / 00:00:00:000 / Root(00) / kin /     55.00000 para top(01)
Mensaje X / 00:00:00:000 / top(01) / in /     55.00000 para kdecision(02)
Mensaje D / 00:00:00:000 / kdecision(02) / 00:00:00:000 para top(01)
Mensaje D / 00:00:00:000 / top(01) / 00:00:00:000 para Root(00)
Mensaje * / 00:00:00:000 / Root(00) para top(01)
Mensaje * / 00:00:00:000 / top(01) para kdecision(02)
Mensaje Y / 00:00:00:000 / kdecision(02) / out /     55.00000 para top(01)
Mensaje D / 00:00:00:000 / kdecision(02) / ... para top(01)
Mensaje X / 00:00:00:000 / top(01) / in /     55.00000 para kattack(03)
Mensaje X / 00:00:00:000 / top(01) / in /     55.00000 para kmove(04)
Mensaje D / 00:00:00:000 / kattack(03) / ... para top(01)
Mensaje D / 00:00:00:000 / kmove(04) / 00:00:05:000 para top(01)
Mensaje D / 00:00:00:000 / top(01) / 00:00:05:000 para Root(00)
Mensaje * / 00:00:05:000 / Root(00) para top(01)
Mensaje * / 00:00:05:000 / top(01) para kmove(04)
Mensaje Y / 00:00:05:000 / kmove(04) / out /     51.00000 para top(01)
Mensaje D / 00:00:05:000 / kmove(04) / ... para top(01)
Mensaje Y / 00:00:05:000 / top(01) / kout /     51.00000 para Root(00)
Mensaje D / 00:00:05:000 / top(01) / ... para Root(00)
Mensaje X / 00:00:20:000 / Root(00) / kin /     51.00000 para top(01)
Mensaje X / 00:00:20:000 / top(01) / in /     51.00000 para kdecision(02)
Mensaje D / 00:00:20:000 / kdecision(02) / 00:00:00:000 para top(01)
Mensaje D / 00:00:20:000 / top(01) / 00:00:00:000 para Root(00)
Mensaje * / 00:00:20:000 / Root(00) para top(01)
Mensaje * / 00:00:20:000 / top(01) para kdecision(02)
Mensaje Y / 00:00:20:000 / kdecision(02) / out /     51.00000 para top(01)
Mensaje D / 00:00:20:000 / kdecision(02) / ... para top(01)
Mensaje X / 00:00:20:000 / top(01) / in /     51.00000 para kattack(03)
Mensaje X / 00:00:20:000 / top(01) / in /     51.00000 para kmove(04)
Mensaje D / 00:00:20:000 / kattack(03) / ... para top(01)
Mensaje D / 00:00:20:000 / kmove(04) / 00:00:05:000 para top(01)
Mensaje D / 00:00:20:000 / top(01) / 00:00:05:000 para Root(00)
Mensaje * / 00:00:25:000 / Root(00) para top(01)
Mensaje * / 00:00:25:000 / top(01) para kmove(04)
Mensaje Y / 00:00:25:000 / kmove(04) / out /     47.00000 para top(01)
Mensaje D / 00:00:25:000 / kmove(04) / ... para top(01)
Mensaje Y / 00:00:25:000 / top(01) / kout /     47.00000 para Root(00)
Mensaje D / 00:00:25:000 / top(01) / ... para Root(00)
Mensaje X / 00:00:40:000 / Root(00) / kin /    -10.00000 para top(01)
Mensaje X / 00:00:40:000 / top(01) / in /    -10.00000 para kdecision(02)
Mensaje D / 00:00:40:000 / kdecision(02) / 00:00:00:000 para top(01)
Mensaje D / 00:00:40:000 / top(01) / 00:00:00:000 para Root(00)
Mensaje * / 00:00:40:000 / Root(00) para top(01)
Mensaje * / 00:00:40:000 / top(01) para kdecision(02)
Mensaje Y / 00:00:40:000 / kdecision(02) / out /     51.00000 para top(01)
Mensaje D / 00:00:40:000 / kdecision(02) / ... para top(01)
Mensaje X / 00:00:40:000 / top(01) / in /     51.00000 para kattack(03)
Mensaje X / 00:00:40:000 / top(01) / in /     51.00000 para kmove(04)
Mensaje D / 00:00:40:000 / kattack(03) / ... para top(01)
Mensaje D / 00:00:40:000 / kmove(04) / 00:00:05:000 para top(01)
Mensaje D / 00:00:40:000 / top(01) / 00:00:05:000 para Root(00)
Mensaje * / 00:00:45:000 / Root(00) para top(01)
Mensaje * / 00:00:45:000 / top(01) para kmove(04)
Mensaje Y / 00:00:45:000 / kmove(04) / out /     47.00000 para top(01)
Mensaje D / 00:00:45:000 / kmove(04) / ... para top(01)
Mensaje Y / 00:00:45:000 / top(01) / kout /     47.00000 para Root(00)
Mensaje D / 00:00:45:000 / top(01) / ... para Root(00)
Mensaje X / 00:01:00:000 / Root(00) / kin /     43.00000 para top(01)
Mensaje X / 00:01:00:000 / top(01) / in /     43.00000 para kdecision(02)
Mensaje D / 00:01:00:000 / kdecision(02) / 00:00:00:000 para top(01)
Mensaje D / 00:01:00:000 / top(01) / 00:00:00:000 para Root(00)
Mensaje * / 00:01:00:000 / Root(00) para top(01)
Mensaje * / 00:01:00:000 / top(01) para kdecision(02)
Mensaje Y / 00:01:00:000 / kdecision(02) / out /    -43.00000 para top(01)
Mensaje D / 00:01:00:000 / kdecision(02) / ... para top(01)
Mensaje X / 00:01:00:000 / top(01) / in /    -43.00000 para kattack(03)
Mensaje X / 00:01:00:000 / top(01) / in /    -43.00000 para kmove(04)
Mensaje D / 00:01:00:000 / kattack(03) / 00:00:10:000 para top(01)
Mensaje D / 00:01:00:000 / kmove(04) / ... para top(01)
Mensaje D / 00:01:00:000 / top(01) / 00:00:10:000 para Root(00)
Mensaje * / 00:01:10:000 / Root(00) para top(01)
Mensaje * / 00:01:10:000 / top(01) para kattack(03)
Mensaje Y / 00:01:10:000 / kattack(03) / out /     -5.00000 para top(01)
Mensaje D / 00:01:10:000 / kattack(03) / ... para top(01)
Mensaje Y / 00:01:10:000 / top(01) / kout /     -5.00000 para Root(00)
Mensaje D / 00:01:10:000 / top(01) / ... para Root(00)
Mensaje X / 00:01:20:000 / Root(00) / kin /     32.00000 para top(01)
Mensaje X / 00:01:20:000 / top(01) / in /     32.00000 para kdecision(02)
Mensaje D / 00:01:20:000 / kdecision(02) / 00:00:00:000 para top(01)
Mensaje D / 00:01:20:000 / top(01) / 00:00:00:000 para Root(00)
Mensaje * / 00:01:20:000 / Root(00) para top(01)
Mensaje * / 00:01:20:000 / top(01) para kdecision(02)
Mensaje Y / 00:01:20:000 / kdecision(02) / out /    -32.00000 para top(01)
Mensaje D / 00:01:20:000 / kdecision(02) / ... para top(01)
Mensaje X / 00:01:20:000 / top(01) / in /    -32.00000 para kattack(03)
Mensaje X / 00:01:20:000 / top(01) / in /    -32.00000 para kmove(04)
Mensaje D / 00:01:20:000 / kattack(03) / 00:00:10:000 para top(01)
Mensaje D / 00:01:20:000 / kmove(04) / ... para top(01)
Mensaje D / 00:01:20:000 / top(01) / 00:00:10:000 para Root(00)
Mensaje * / 00:01:30:000 / Root(00) para top(01)
Mensaje * / 00:01:30:000 / top(01) para kattack(03)
Mensaje Y / 00:01:30:000 / kattack(03) / out /     -5.00000 para top(01)
Mensaje D / 00:01:30:000 / kattack(03) / ... para top(01)
Mensaje Y / 00:01:30:000 / top(01) / kout /     -5.00000 para Root(00)
Mensaje D / 00:01:30:000 / top(01) / ... para Root(00)
Mensaje X / 00:01:40:000 / Root(00) / kin /    -10.00000 para top(01)
Mensaje X / 00:01:40:000 / top(01) / in /    -10.00000 para kdecision(02)
Mensaje D / 00:01:40:000 / kdecision(02) / 00:00:00:000 para top(01)
Mensaje D / 00:01:40:000 / top(01) / 00:00:00:000 para Root(00)
Mensaje * / 00:01:40:000 / Root(00) para top(01)
Mensaje * / 00:01:40:000 / top(01) para kdecision(02)
Mensaje Y / 00:01:40:000 / kdecision(02) / out /    -32.00000 para top(01)
Mensaje D / 00:01:40:000 / kdecision(02) / ... para top(01)
Mensaje X / 00:01:40:000 / top(01) / in /    -32.00000 para kattack(03)
Mensaje X / 00:01:40:000 / top(01) / in /    -32.00000 para kmove(04)
Mensaje D / 00:01:40:000 / kattack(03) / 00:00:10:000 para top(01)
Mensaje D / 00:01:40:000 / kmove(04) / ... para top(01)
Mensaje D / 00:01:40:000 / top(01) / 00:00:10:000 para Root(00)
Mensaje * / 00:01:50:000 / Root(00) para top(01)
Mensaje * / 00:01:50:000 / top(01) para kattack(03)
Mensaje Y / 00:01:50:000 / kattack(03) / out /     -5.00000 para top(01)
Mensaje D / 00:01:50:000 / kattack(03) / ... para top(01)
Mensaje Y / 00:01:50:000 / top(01) / kout /     -5.00000 para Root(00)
Mensaje D / 00:01:50:000 / top(01) / ... para Root(00)
Mensaje X / 00:02:00:000 / Root(00) / kin /     20.00000 para top(01)
Mensaje X / 00:02:00:000 / top(01) / in /     20.00000 para kdecision(02)
Mensaje D / 00:02:00:000 / kdecision(02) / 00:00:00:000 para top(01)
Mensaje D / 00:02:00:000 / top(01) / 00:00:00:000 para Root(00)
Mensaje * / 00:02:00:000 / Root(00) para top(01)
Mensaje * / 00:02:00:000 / top(01) para kdecision(02)
Mensaje Y / 00:02:00:000 / kdecision(02) / out /    -20.00000 para top(01)
Mensaje D / 00:02:00:000 / kdecision(02) / ... para top(01)
Mensaje X / 00:02:00:000 / top(01) / in /    -20.00000 para kattack(03)
Mensaje X / 00:02:00:000 / top(01) / in /    -20.00000 para kmove(04)
Mensaje D / 00:02:00:000 / kattack(03) / 00:00:10:000 para top(01)
Mensaje D / 00:02:00:000 / kmove(04) / ... para top(01)
Mensaje D / 00:02:00:000 / top(01) / 00:00:10:000 para Root(00)
Mensaje * / 00:02:10:000 / Root(00) para top(01)
Mensaje * / 00:02:10:000 / top(01) para kattack(03)
Mensaje Y / 00:02:10:000 / kattack(03) / out /     -5.00000 para top(01)
Mensaje D / 00:02:10:000 / kattack(03) / ... para top(01)
Mensaje Y / 00:02:10:000 / top(01) / kout /     -5.00000 para Root(00)
Mensaje D / 00:02:10:000 / top(01) / ... para Root(00)
Mensaje X / 00:02:20:000 / Root(00) / kin /      4.00000 para top(01)
Mensaje X / 00:02:20:000 / top(01) / in /      4.00000 para kdecision(02)
Mensaje D / 00:02:20:000 / kdecision(02) / 00:00:00:000 para top(01)
Mensaje D / 00:02:20:000 / top(01) / 00:00:00:000 para Root(00)
Mensaje * / 00:02:20:000 / Root(00) para top(01)
Mensaje * / 00:02:20:000 / top(01) para kdecision(02)
Mensaje Y / 00:02:20:000 / kdecision(02) / out /     -4.00000 para top(01)
Mensaje D / 00:02:20:000 / kdecision(02) / ... para top(01)
Mensaje X / 00:02:20:000 / top(01) / in /     -4.00000 para kattack(03)
Mensaje X / 00:02:20:000 / top(01) / in /     -4.00000 para kmove(04)
Mensaje D / 00:02:20:000 / kattack(03) / 00:00:10:000 para top(01)
Mensaje D / 00:02:20:000 / kmove(04) / ... para top(01)
Mensaje D / 00:02:20:000 / top(01) / 00:00:10:000 para Root(00)
Mensaje * / 00:02:30:000 / Root(00) para top(01)
Mensaje * / 00:02:30:000 / top(01) para kattack(03)
Mensaje Y / 00:02:30:000 / kattack(03) / out /    -10.00000 para top(01)
Mensaje D / 00:02:30:000 / kattack(03) / ... para top(01)
Mensaje Y / 00:02:30:000 / top(01) / kout /    -10.00000 para Root(00)
Mensaje D / 00:02:30:000 / top(01) / ... para Root(00)
Mensaje X / 00:02:40:000 / Root(00) / kin /     22.00000 para top(01)
Mensaje X / 00:02:40:000 / top(01) / in /     22.00000 para kdecision(02)
Mensaje D / 00:02:40:000 / kdecision(02) / 00:00:00:000 para top(01)
Mensaje D / 00:02:40:000 / top(01) / 00:00:00:000 para Root(00)
Mensaje * / 00:02:40:000 / Root(00) para top(01)
Mensaje * / 00:02:40:000 / top(01) para kdecision(02)
Mensaje Y / 00:02:40:000 / kdecision(02) / out /    -22.00000 para top(01)
Mensaje D / 00:02:40:000 / kdecision(02) / ... para top(01)
Mensaje X / 00:02:40:000 / top(01) / in /    -22.00000 para kattack(03)
Mensaje X / 00:02:40:000 / top(01) / in /    -22.00000 para kmove(04)
Mensaje D / 00:02:40:000 / kattack(03) / 00:00:10:000 para top(01)
Mensaje D / 00:02:40:000 / kmove(04) / ... para top(01)
Mensaje D / 00:02:40:000 / top(01) / 00:00:10:000 para Root(00)
Mensaje * / 00:02:50:000 / Root(00) para top(01)
Mensaje * / 00:02:50:000 / top(01) para kattack(03)
Mensaje Y / 00:02:50:000 / kattack(03) / out /     -5.00000 para top(01)
Mensaje D / 00:02:50:000 / kattack(03) / ... para top(01)
Mensaje Y / 00:02:50:000 / top(01) / kout /     -5.00000 para Root(00)
Mensaje D / 00:02:50:000 / top(01) / ... para Root(00)
Mensaje X / 00:03:00:000 / Root(00) / kin /     24.00000 para top(01)
Mensaje X / 00:03:00:000 / top(01) / in /     24.00000 para kdecision(02)
Mensaje D / 00:03:00:000 / kdecision(02) / 00:00:00:000 para top(01)
Mensaje D / 00:03:00:000 / top(01) / 00:00:00:000 para Root(00)
Mensaje * / 00:03:00:000 / Root(00) para top(01)
Mensaje * / 00:03:00:000 / top(01) para kdecision(02)
Mensaje Y / 00:03:00:000 / kdecision(02) / out /    -24.00000 para top(01)
Mensaje D / 00:03:00:000 / kdecision(02) / ... para top(01)
Mensaje X / 00:03:00:000 / top(01) / in /    -24.00000 para kattack(03)
Mensaje X / 00:03:00:000 / top(01) / in /    -24.00000 para kmove(04)
Mensaje D / 00:03:00:000 / kattack(03) / 00:00:10:000 para top(01)
Mensaje D / 00:03:00:000 / kmove(04) / ... para top(01)
Mensaje D / 00:03:00:000 / top(01) / 00:00:10:000 para Root(00)
Mensaje * / 00:03:10:000 / Root(00) para top(01)
Mensaje * / 00:03:10:000 / top(01) para kattack(03)
Mensaje Y / 00:03:10:000 / kattack(03) / out /     -5.00000 para top(01)
Mensaje D / 00:03:10:000 / kattack(03) / ... para top(01)
Mensaje Y / 00:03:10:000 / top(01) / kout /     -5.00000 para Root(00)
Mensaje D / 00:03:10:000 / top(01) / ... para Root(00)
Mensaje X / 00:03:20:000 / Root(00) / kin /    -90.00000 para top(01)
Mensaje X / 00:03:20:000 / top(01) / in /    -90.00000 para kdecision(02)
Mensaje D / 00:03:20:000 / kdecision(02) / 00:00:00:000 para top(01)
Mensaje D / 00:03:20:000 / top(01) / 00:00:00:000 para Root(00)
Mensaje * / 00:03:20:000 / Root(00) para top(01)
Mensaje * / 00:03:20:000 / top(01) para kdecision(02)
Mensaje Y / 00:03:20:000 / kdecision(02) / out /      0.00000 para top(01)
Mensaje D / 00:03:20:000 / kdecision(02) / ... para top(01)
Mensaje X / 00:03:20:000 / top(01) / in /      0.00000 para kattack(03)
Mensaje X / 00:03:20:000 / top(01) / in /      0.00000 para kmove(04)
Mensaje D / 00:03:20:000 / kattack(03) / ... para top(01)
Mensaje D / 00:03:20:000 / kmove(04) / ... para top(01)
Mensaje D / 00:03:20:000 / top(01) / ... para Root(00)
